2016-07-31 15:59:46 INFO PokemonGoBotMain:59 - 成功登录帐号 admin@yumao.name
2016-07-31 15:59:46 INFO PokemonGoBotMain:63 - 初始化空降坐标 (37.807297, -122.429535)
2016-07-31 15:59:46 INFO PokemonGoBot:39 - 正在获取账号信息...
2016-07-31 15:59:47 INFO PokemonGoBot:60 - 用户名称:itscaptainteemo
2016-07-31 15:59:47 INFO PokemonGoBot:61 - 战队信息:TEAM_VALOR
2016-07-31 15:59:47 INFO PokemonGoBot:62 - 口袋金币:0
2016-07-31 15:59:47 INFO PokemonGoBot:63 - 星尘数量:34401
2016-07-31 15:59:47 INFO PokemonGoBot:64 - 达成等级:29
2016-07-31 15:59:47 INFO PokemonGoBot:65 - 当前经验:1857310
2016-07-31 15:59:47 INFO PokemonGoBot:66 - 口袋银行:34/300
2016-07-31 15:59:47 INFO PokemonGoBot:67 - 道具包裹:14/500
2016-07-31 15:59:47 INFO PokemonGoBot:78 - 持有宝可梦:<NAME/CP/IV>
2016-07-31 15:59:47 INFO PokemonGoBot:81 - 名称:阿柏怪 / CP:1272 / IV:93.0%
2016-07-31 15:59:47 INFO PokemonGoBot:81 - 名称:风速狗 / CP:2547 / IV:98.0%
2016-07-31 15:59:47 INFO PokemonGoBot:81 - 名称:刺甲贝 / CP:1156 / IV:91.0%
2016-07-31 15:59:47 INFO PokemonGoBot:81 - 名称:快龙 / CP:1093 / IV:96.0%
2016-07-31 15:59:47 INFO PokemonGoBot:81 - 名称:伊布 / CP:235 / IV:91.0%
2016-07-31 15:59:47 INFO PokemonGoBot:81 - 名称:顽皮雷弹 / CP:1016 / IV:91.0%
2016-07-31 15:59:47 INFO PokemonGoBot:81 - 名称:椰蛋树 / CP:1803 / IV:96.0%
2016-07-31 15:59:47 INFO PokemonGoBot:81 - 名称:火伊布 / CP:2284 / IV:100.0%
2016-07-31 15:59:47 INFO PokemonGoBot:81 - 名称:隆隆岩 / CP:913 / IV:93.0%
2016-07-31 15:59:47 INFO PokemonGoBot:81 - 名称:暴鲤龙 / CP:1521 / IV:96.0%
2016-07-31 15:59:47 INFO PokemonGoBot:81 - 名称:鬼斯通 / CP:1169 / IV:93.0%
2016-07-31 15:59:47 INFO PokemonGoBot:81 - 名称:雷伊布 / CP:814 / IV:91.0%
2016-07-31 15:59:47 INFO PokemonGoBot:81 - 名称:迷唇姐 / CP:961 / IV:91.0%
2016-07-31 15:59:47 INFO PokemonGoBot:81 - 名称:巨钳蟹 / CP:799 / IV:96.0%
2016-07-31 15:59:47 INFO PokemonGoBot:81 - 名称:鸭嘴火兽 / CP:831 / IV:91.0%
2016-07-31 15:59:47 INFO PokemonGoBot:81 - 名称:嘎啦嘎啦 / CP:651 / IV:93.0%
2016-07-31 15:59:47 INFO PokemonGoBot:81 - 名称:多刺菊石兽 / CP:1000 / IV:91.0%
2016-07-31 15:59:47 INFO PokemonGoBot:81 - 名称:派拉斯特 / CP:885 / IV:91.0%
2016-07-31 15:59:47 INFO PokemonGoBot:81 - 名称:大比鸟 / CP:1763 / IV:91.0%
2016-07-31 15:59:47 INFO PokemonGoBot:81 - 名称:凯罗斯 / CP:538 / IV:96.0%
2016-07-31 15:59:47 INFO PokemonGoBot:81 - 名称:蚊香泳士 / CP:1417 / IV:91.0%
2016-07-31 15:59:47 INFO PokemonGoBot:81 - 名称:火暴猴 / CP:1059 / IV:98.0%
2016-07-31 15:59:47 INFO PokemonGoBot:81 - 名称:烈焰马 / CP:926 / IV:91.0%
2016-07-31 15:59:47 INFO PokemonGoBot:81 - 名称:穿山王 / CP:1025 / IV:96.0%
2016-07-31 15:59:47 INFO PokemonGoBot:81 - 名称:飞天螳螂 / CP:1168 / IV:93.0%
2016-07-31 15:59:47 INFO PokemonGoBot:81 - 名称:海刺龙 / CP:972 / IV:96.0%
2016-07-31 15:59:47 INFO PokemonGoBot:81 - 名称:金鱼王 / CP:1151 / IV:91.0%
2016-07-31 15:59:47 INFO PokemonGoBot:81 - 名称:呆壳兽 / CP:1469 / IV:91.0%
2016-07-31 15:59:47 INFO PokemonGoBot:81 - 名称:宝石海星 / CP:1116 / IV:98.0%
2016-07-31 15:59:47 INFO PokemonGoBot:81 - 名称:毒刺水母 / CP:1258 / IV:93.0%
2016-07-31 15:59:47 INFO PokemonGoBot:81 - 名称:水伊布 / CP:2422 / IV:98.0%
2016-07-31 15:59:47 INFO PokemonGoBot:81 - 名称:摩鲁蛾 / CP:531 / IV:91.0%
2016-07-31 15:59:47 INFO PokemonGoBot:81 - 名称:妙蛙花 / CP:1499 / IV:93.0%
2016-07-31 15:59:47 INFO PokemonGoBot:81 - 名称:大食花 / CP:1073 / IV:93.0%
2016-07-31 15:59:47 INFO PokemonGoBot:84 - 开始启动Bot线程...
2016-07-31 15:59:49 INFO UpdateProfile:59 - 更新账号信息: 当前经验值 1857310 当前等级 29 经验值进度 207310/350000 (59.23 %) 至 下一等级 30
2016-07-31 15:59:49 INFO GetMapRandomDirection:29 - 探索地图信息 (37.80732503135255, -122.42949827553498)
2016-07-31 15:59:50 INFO CatchNearbyPokemon:57 - 检索到周边有可以抓的宝可梦 0 只
2016-07-31 15:59:51 INFO LootNearbyPokestop:67 - 正在滑动补给站5819fdfacc624ccc89448526084fa4fe.16
2016-07-31 15:59:52 INFO DropUselessItems:50 - 丢弃了 1 个 ITEM_POTION
2016-07-31 15:59:52 INFO LootNearbyPokestop:71 - 成功的摸了一把补给站 5819fdfacc624ccc89448526084fa4fe.16，获得了 50 经验值
2016-07-31 15:59:52 INFO LootNearbyPokestop:82 - 移动到较远的补给站
2016-07-31 15:59:53 INFO UpdateProfile:59 - 更新账号信息: 当前经验值 1857310 当前等级 29 经验值进度 207310/350000 (59.23 %) 至 下一等级 30
2016-07-31 15:59:54 INFO GetMapRandomDirection:29 - 探索地图信息 (37.80750092244303, -122.42884274614777)
2016-07-31 15:59:55 INFO CatchNearbyPokemon:57 - 检索到周边有可以抓的宝可梦 0 只
2016-07-31 15:59:55 INFO LootNearbyPokestop:67 - 正在滑动补给站6939687907c84401bcdf4ffbded12abe.16
2016-07-31 15:59:56 INFO DropUselessItems:50 - 丢弃了 1 个 ITEM_POTION
2016-07-31 15:59:56 INFO LootNearbyPokestop:71 - 成功的摸了一把补给站 6939687907c84401bcdf4ffbded12abe.16，获得了 50 经验值
2016-07-31 15:59:56 INFO LootNearbyPokestop:82 - 移动到较远的补给站
2016-07-31 15:59:57 INFO DropUselessItems:50 - 丢弃了 1 个 ITEM_HYPER_POTION
2016-07-31 15:59:58 INFO UpdateProfile:59 - 更新账号信息: 当前经验值 1857360 当前等级 29 经验值进度 207360/350000 (59.25 %) 至 下一等级 30
2016-07-31 15:59:59 INFO GetMapRandomDirection:29 - 探索地图信息 (37.807177767857745, -122.42844733083143)
2016-07-31 16:00:00 INFO CatchNearbyPokemon:57 - 检索到周边有可以抓的宝可梦 1 只
2016-07-31 16:00:00 INFO CatchNearbyPokemon:65 - 野生的宝可梦 走路草 从草里跳出来!
2016-07-31 16:00:00 INFO LootNearbyPokestop:82 - 移动到较远的补给站
2016-07-31 16:00:01 INFO CatchNearbyPokemon:70 - 遇到宝可梦 走路草 CP 79
2016-07-31 16:00:01 INFO CatchNearbyPokemon:92 - 去吧！精灵球！
2016-07-31 16:00:02 INFO CatchNearbyPokemon:99 - 抓住了一只 走路草 CP 60.0% IV 60.0
2016-07-31 16:00:02 INFO CatchNearbyPokemon:100 - 获得了[100]经验值[3]糖果[100]星辰]
2016-07-31 16:00:05 INFO UpdateProfile:59 - 更新账号信息: 当前经验值 1857620 当前等级 29 经验值进度 207620/350000 (59.32 %) 至 下一等级 30
2016-07-31 16:00:05 INFO GetMapRandomDirection:29 - 探索地图信息 (37.807227554894276, -122.42853077714976)
2016-07-31 16:00:06 INFO CatchNearbyPokemon:57 - 检索到周边有可以抓的宝可梦 0 只
2016-07-31 16:00:06 INFO ReleasePokemon:47 - 正在放生宝可梦 走路草 原因 60.0 IV不达标
2016-07-31 16:00:07 INFO LootNearbyPokestop:67 - 正在滑动补给站78ba4d252924417f80b91ebd207d2cee.16
2016-07-31 16:00:07 INFO ReleasePokemon:51 - 已放生宝可梦 走路草
2016-07-31 16:00:07 INFO LootNearbyPokestop:71 - 成功的摸了一把补给站 78ba4d252924417f80b91ebd207d2cee.16，获得了 50 经验值
2016-07-31 16:00:07 INFO LootNearbyPokestop:82 - 移动到较远的补给站
2016-07-31 16:00:09 INFO UpdateProfile:59 - 更新账号信息: 当前经验值 1857620 当前等级 29 经验值进度 207620/350000 (59.32 %) 至 下一等级 30
2016-07-31 16:00:10 INFO GetMapRandomDirection:29 - 探索地图信息 (37.80755125182749, -122.42889935555056)
2016-07-31 16:00:10 INFO CatchNearbyPokemon:57 - 检索到周边有可以抓的宝可梦 0 只
2016-07-31 16:00:11 INFO LootNearbyPokestop:82 - 移动到较远的补给站
2016-07-31 16:00:13 INFO UpdateProfile:59 - 更新账号信息: 当前经验值 1857620 当前等级 29 经验值进度 207620/350000 (59.32 %) 至 下一等级 30
2016-07-31 16:00:14 INFO GetMapRandomDirection:29 - 探索地图信息 (37.80793120694181, -122.4292520373813)
2016-07-31 16:00:14 INFO CatchNearbyPokemon:57 - 检索到周边有可以抓的宝可梦 0 只
2016-07-31 16:00:16 INFO LootNearbyPokestop:44 - 获取补给站信息失败,正在重试...
2016-07-31 16:00:27 INFO LootNearbyPokestop:67 - 正在滑动补给站e7f88c315d0f4614a075fa97b4341947.16
2016-07-31 16:00:27 INFO LootNearbyPokestop:71 - 成功的摸了一把补给站 e7f88c315d0f4614a075fa97b4341947.16，获得了 50 经验值
2016-07-31 16:00:27 INFO LootNearbyPokestop:82 - 移动到较远的补给站
2016-07-31 16:00:29 INFO UpdateProfile:59 - 更新账号信息: 当前经验值 1857620 当前等级 29 经验值进度 207620/350000 (59.32 %) 至 下一等级 30
2016-07-31 16:00:30 INFO GetMapRandomDirection:29 - 探索地图信息 (37.807489222442996, -122.42884800708488)
2016-07-31 16:00:30 INFO CatchNearbyPokemon:57 - 检索到周边有可以抓的宝可梦 0 只
2016-07-31 16:00:31 INFO LootNearbyPokestop:82 - 移动到较远的补给站
2016-07-31 16:00:32 INFO DropUselessItems:50 - 丢弃了 3 个 ITEM_REVIVE
2016-07-31 16:00:33 INFO UpdateProfile:59 - 更新账号信息: 当前经验值 1857720 当前等级 29 经验值进度 207720/350000 (59.35 %) 至 下一等级 30
2016-07-31 16:00:34 INFO GetMapRandomDirection:29 - 探索地图信息 (37.8072667745898, -122.42850089170223)
2016-07-31 16:00:34 INFO CatchNearbyPokemon:57 - 检索到周边有可以抓的宝可梦 0 只
2016-07-31 16:00:35 INFO LootNearbyPokestop:82 - 移动到较远的补给站
2016-07-31 16:00:37 INFO UpdateProfile:59 - 更新账号信息: 当前经验值 1857720 当前等级 29 经验值进度 207720/350000 (59.35 %) 至 下一等级 30
2016-07-31 16:00:38 INFO GetMapRandomDirection:29 - 探索地图信息 (37.8075574152829, -122.42889823907466)
2016-07-31 16:00:38 INFO CatchNearbyPokemon:57 - 检索到周边有可以抓的宝可梦 0 只
2016-07-31 16:00:39 INFO LootNearbyPokestop:82 - 移动到较远的补给站
2016-07-31 16:00:41 INFO UpdateProfile:59 - 更新账号信息: 当前经验值 1857720 当前等级 29 经验值进度 207720/350000 (59.35 %) 至 下一等级 30
2016-07-31 16:00:42 INFO GetMapRandomDirection:29 - 探索地图信息 (37.80785537904112, -122.42925073943546)
2016-07-31 16:00:42 INFO CatchNearbyPokemon:57 - 检索到周边有可以抓的宝可梦 0 只
2016-07-31 16:00:43 INFO LootNearbyPokestop:82 - 移动到较远的补给站
2016-07-31 16:00:45 INFO UpdateProfile:59 - 更新账号信息: 当前经验值 1857720 当前等级 29 经验值进度 207720/350000 (59.35 %) 至 下一等级 30
2016-07-31 16:00:45 INFO GetMapRandomDirection:29 - 探索地图信息 (37.807547908321794, -122.4288431737109)
2016-07-31 16:00:46 INFO CatchNearbyPokemon:57 - 检索到周边有可以抓的宝可梦 0 只
2016-07-31 16:00:47 INFO LootNearbyPokestop:82 - 移动到较远的补给站
2016-07-31 16:00:49 INFO UpdateProfile:59 - 更新账号信息: 当前经验值 1857720 当前等级 29 经验值进度 207720/350000 (59.35 %) 至 下一等级 30
2016-07-31 16:00:49 INFO GetMapRandomDirection:29 - 探索地图信息 (37.807229756403316, -122.42849933350928)
2016-07-31 16:00:50 INFO CatchNearbyPokemon:57 - 检索到周边有可以抓的宝可梦 0 只
2016-07-31 16:00:51 INFO LootNearbyPokestop:82 - 移动到较远的补给站
2016-07-31 16:00:53 INFO UpdateProfile:59 - 更新账号信息: 当前经验值 1857720 当前等级 29 经验值进度 207720/350000 (59.35 %) 至 下一等级 30
2016-07-31 16:00:53 INFO GetMapRandomDirection:29 - 探索地图信息 (37.80747304984001, -122.4288807501898)
2016-07-31 16:00:54 INFO CatchNearbyPokemon:57 - 检索到周边有可以抓的宝可梦 0 只
2016-07-31 16:00:55 INFO LootNearbyPokestop:82 - 移动到较远的补给站
2016-07-31 16:00:57 INFO UpdateProfile:59 - 更新账号信息: 当前经验值 1857720 当前等级 29 经验值进度 207720/350000 (59.35 %) 至 下一等级 30
2016-07-31 16:00:57 INFO GetMapRandomDirection:29 - 探索地图信息 (37.807194805318055, -122.42851059917)
2016-07-31 16:00:58 INFO CatchNearbyPokemon:57 - 检索到周边有可以抓的宝可梦 0 只
2016-07-31 16:00:59 INFO LootNearbyPokestop:82 - 移动到较远的补给站
2016-07-31 16:01:00 INFO UpdateProfile:59 - 更新账号信息: 当前经验值 1857720 当前等级 29 经验值进度 207720/350000 (59.35 %) 至 下一等级 30
2016-07-31 16:01:01 INFO GetMapRandomDirection:29 - 探索地图信息 (37.807462324121715, -122.42882290358641)
2016-07-31 16:01:02 INFO LootNearbyPokestop:44 - 获取补给站信息失败,正在重试...
2016-07-31 16:01:02 INFO CatchNearbyPokemon:57 - 检索到周边有可以抓的宝可梦 1 只
2016-07-31 16:01:02 INFO CatchNearbyPokemon:65 - 野生的宝可梦 走路草 从草里跳出来!
2016-07-31 16:01:03 INFO CatchNearbyPokemon:70 - 遇到宝可梦 走路草 CP 171
2016-07-31 16:01:03 INFO CatchNearbyPokemon:92 - 去吧！精灵球！
2016-07-31 16:01:05 INFO CatchNearbyPokemon:99 - 抓住了一只 走路草 CP 48.89% IV 48.888888888888886
2016-07-31 16:01:05 INFO CatchNearbyPokemon:100 - 获得了[100]经验值[3]糖果[100]星辰]
2016-07-31 16:01:06 INFO ReleasePokemon:47 - 正在放生宝可梦 走路草 原因 48.888888888888886 IV不达标
2016-07-31 16:01:07 INFO ReleasePokemon:51 - 已放生宝可梦 走路草
2016-07-31 16:01:12 INFO LootNearbyPokestop:82 - 移动到较远的补给站
2016-07-31 16:01:14 INFO UpdateProfile:59 - 更新账号信息: 当前经验值 1857930 当前等级 29 经验值进度 207930/350000 (59.41 %) 至 下一等级 30
2016-07-31 16:01:15 INFO GetMapRandomDirection:29 - 探索地图信息 (37.80757552170277, -122.42817810732888)
2016-07-31 16:01:15 INFO CatchNearbyPokemon:57 - 检索到周边有可以抓的宝可梦 0 只
2016-07-31 16:01:16 INFO LootNearbyPokestop:67 - 正在滑动补给站15fabb43099a4d259a75edc9ca81c33d.16
2016-07-31 16:01:17 INFO LootNearbyPokestop:71 - 成功的摸了一把补给站 15fabb43099a4d259a75edc9ca81c33d.16，获得了 50 经验值
2016-07-31 16:01:17 INFO LootNearbyPokestop:82 - 移动到较远的补给站
2016-07-31 16:01:18 INFO UpdateProfile:59 - 更新账号信息: 当前经验值 1857930 当前等级 29 经验值进度 207930/350000 (59.41 %) 至 下一等级 30
2016-07-31 16:01:19 INFO GetMapRandomDirection:29 - 探索地图信息 (37.80743875237989, -122.42770730281826)
2016-07-31 16:01:20 INFO CatchNearbyPokemon:57 - 检索到周边有可以抓的宝可梦 0 只
2016-07-31 16:01:21 INFO LootNearbyPokestop:67 - 正在滑动补给站0836d3b5f99f4923babaf58e4d0e1253.16
2016-07-31 16:01:21 INFO LootNearbyPokestop:71 - 成功的摸了一把补给站 0836d3b5f99f4923babaf58e4d0e1253.16，获得了 50 经验值
2016-07-31 16:01:21 INFO LootNearbyPokestop:82 - 移动到较远的补给站
2016-07-31 16:01:23 INFO UpdateProfile:59 - 更新账号信息: 当前经验值 1857980 当前等级 29 经验值进度 207980/350000 (59.42 %) 至 下一等级 30
2016-07-31 16:01:24 INFO GetMapRandomDirection:29 - 探索地图信息 (37.80758277532756, -122.42821179532278)
2016-07-31 16:01:24 INFO CatchNearbyPokemon:57 - 检索到周边有可以抓的宝可梦 0 只
2016-07-31 16:01:25 INFO LootNearbyPokestop:82 - 移动到较远的补给站
2016-07-31 16:01:27 INFO UpdateProfile:59 - 更新账号信息: 当前经验值 1857980 当前等级 29 经验值进度 207980/350000 (59.42 %) 至 下一等级 30
2016-07-31 16:01:27 INFO GetMapRandomDirection:29 - 探索地图信息 (37.80747354114081, -122.42770570769007)
2016-07-31 16:01:28 INFO CatchNearbyPokemon:57 - 检索到周边有可以抓的宝可梦 0 只
2016-07-31 16:01:29 INFO LootNearbyPokestop:82 - 移动到较远的补给站
2016-07-31 16:01:31 INFO UpdateProfile:59 - 更新账号信息: 当前经验值 1857980 当前等级 29 经验值进度 207980/350000 (59.42 %) 至 下一等级 30
2016-07-31 16:01:31 INFO GetMapRandomDirection:29 - 探索地图信息 (37.80763932355404, -122.42820759763211)
2016-07-31 16:01:32 INFO CatchNearbyPokemon:57 - 检索到周边有可以抓的宝可梦 0 只
2016-07-31 16:01:33 INFO LootNearbyPokestop:82 - 移动到较远的补给站
2016-07-31 16:01:35 INFO UpdateProfile:59 - 更新账号信息: 当前经验值 1857980 当前等级 29 经验值进度 207980/350000 (59.42 %) 至 下一等级 30
2016-07-31 16:01:35 INFO GetMapRandomDirection:29 - 探索地图信息 (37.80748124706043, -122.42770664642147)
2016-07-31 16:01:36 INFO CatchNearbyPokemon:57 - 检索到周边有可以抓的宝可梦 0 只
2016-07-31 16:01:37 INFO LootNearbyPokestop:82 - 移动到较远的补给站
2016-07-31 16:01:39 INFO UpdateProfile:59 - 更新账号信息: 当前经验值 1857980 当前等级 29 经验值进度 207980/350000 (59.42 %) 至 下一等级 30
2016-07-31 16:01:39 INFO GetMapRandomDirection:29 - 探索地图信息 (37.80761678973451, -122.42816511668295)
2016-07-31 16:01:40 INFO CatchNearbyPokemon:57 - 检索到周边有可以抓的宝可梦 0 只
2016-07-31 16:01:41 INFO LootNearbyPokestop:82 - 移动到较远的补给站
2016-07-31 16:01:43 INFO UpdateProfile:59 - 更新账号信息: 当前经验值 1857980 当前等级 29 经验值进度 207980/350000 (59.42 %) 至 下一等级 30
2016-07-31 16:01:44 INFO GetMapRandomDirection:29 - 探索地图信息 (37.80751798694401, -122.42778399376516)
2016-07-31 16:01:44 INFO CatchNearbyPokemon:57 - 检索到周边有可以抓的宝可梦 0 只
2016-07-31 16:01:45 INFO LootNearbyPokestop:82 - 移动到较远的补给站
2016-07-31 16:01:47 INFO UpdateProfile:59 - 更新账号信息: 当前经验值 1857980 当前等级 29 经验值进度 207980/350000 (59.42 %) 至 下一等级 30
2016-07-31 16:01:48 INFO GetMapRandomDirection:29 - 探索地图信息 (37.80760731486257, -122.42816713885901)
2016-07-31 16:01:48 INFO CatchNearbyPokemon:57 - 检索到周边有可以抓的宝可梦 0 只
2016-07-31 16:01:49 INFO LootNearbyPokestop:82 - 移动到较远的补给站
2016-07-31 16:01:51 INFO UpdateProfile:59 - 更新账号信息: 当前经验值 1857980 当前等级 29 经验值进度 207980/350000 (59.42 %) 至 下一等级 30
2016-07-31 16:01:51 INFO GetMapRandomDirection:29 - 探索地图信息 (37.807471610018595, -122.42776052272532)
2016-07-31 16:01:52 INFO CatchNearbyPokemon:57 - 检索到周边有可以抓的宝可梦 0 只
2016-07-31 16:01:53 INFO LootNearbyPokestop:82 - 移动到较远的补给站
2016-07-31 16:01:55 INFO UpdateProfile:59 - 更新账号信息: 当前经验值 1857980 当前等级 29 经验值进度 207980/350000 (59.42 %) 至 下一等级 30
2016-07-31 16:01:55 INFO GetMapRandomDirection:29 - 探索地图信息 (37.80762805857183, -122.42814071938484)
2016-07-31 16:01:56 INFO CatchNearbyPokemon:57 - 检索到周边有可以抓的宝可梦 0 只
2016-07-31 16:01:57 INFO LootNearbyPokestop:82 - 移动到较远的补给站
2016-07-31 16:01:59 INFO UpdateProfile:59 - 更新账号信息: 当前经验值 1857980 当前等级 29 经验值进度 207980/350000 (59.42 %) 至 下一等级 30
2016-07-31 16:01:59 INFO GetMapRandomDirection:29 - 探索地图信息 (37.80746425483241, -122.4277500499933)
2016-07-31 16:02:00 INFO CatchNearbyPokemon:57 - 检索到周边有可以抓的宝可梦 0 只
2016-07-31 16:02:01 INFO LootNearbyPokestop:82 - 移动到较远的补给站
2016-07-31 16:02:03 INFO UpdateProfile:59 - 更新账号信息: 当前经验值 1857980 当前等级 29 经验值进度 207980/350000 (59.42 %) 至 下一等级 30
2016-07-31 16:02:03 INFO GetMapRandomDirection:29 - 探索地图信息 (37.80759738334914, -122.42818249630452)
2016-07-31 16:02:04 INFO CatchNearbyPokemon:57 - 检索到周边有可以抓的宝可梦 0 只
2016-07-31 16:02:05 INFO LootNearbyPokestop:82 - 移动到较远的补给站
2016-07-31 16:02:06 INFO UpdateProfile:59 - 更新账号信息: 当前经验值 1857980 当前等级 29 经验值进度 207980/350000 (59.42 %) 至 下一等级 30
2016-07-31 16:02:07 INFO GetMapRandomDirection:29 - 探索地图信息 (37.807484336238645, -122.42776835606674)
2016-07-31 16:02:08 INFO CatchNearbyPokemon:57 - 检索到周边有可以抓的宝可梦 0 只
2016-07-31 16:02:09 INFO LootNearbyPokestop:82 - 移动到较远的补给站
2016-07-31 16:02:10 INFO UpdateProfile:59 - 更新账号信息: 当前经验值 1857980 当前等级 29 经验值进度 207980/350000 (59.42 %) 至 下一等级 30
2016-07-31 16:02:11 INFO GetMapRandomDirection:29 - 探索地图信息 (37.80762646281944, -122.42817888237657)
2016-07-31 16:02:12 INFO CatchNearbyPokemon:57 - 检索到周边有可以抓的宝可梦 0 只
2016-07-31 16:02:12 INFO LootNearbyPokestop:82 - 移动到较远的补给站
2016-07-31 16:02:14 INFO UpdateProfile:59 - 更新账号信息: 当前经验值 1857980 当前等级 29 经验值进度 207980/350000 (59.42 %) 至 下一等级 30
2016-07-31 16:02:15 INFO GetMapRandomDirection:29 - 探索地图信息 (37.807468900599446, -122.42771281599666)
2016-07-31 16:02:15 INFO CatchNearbyPokemon:57 - 检索到周边有可以抓的宝可梦 0 只
2016-07-31 16:02:16 INFO LootNearbyPokestop:82 - 移动到较远的补给站
2016-07-31 16:02:18 INFO UpdateProfile:59 - 更新账号信息: 当前经验值 1857980 当前等级 29 经验值进度 207980/350000 (59.42 %) 至 下一等级 30
2016-07-31 16:02:19 INFO GetMapRandomDirection:29 - 探索地图信息 (37.80759710570184, -122.42816145164493)
2016-07-31 16:02:19 INFO CatchNearbyPokemon:57 - 检索到周边有可以抓的宝可梦 0 只
2016-07-31 16:02:20 INFO LootNearbyPokestop:82 - 移动到较远的补给站
2016-07-31 16:02:22 INFO UpdateProfile:59 - 更新账号信息: 当前经验值 1857980 当前等级 29 经验值进度 207980/350000 (59.42 %) 至 下一等级 30
2016-07-31 16:02:23 INFO GetMapRandomDirection:29 - 探索地图信息 (37.80749215059995, -122.42770003212543)
2016-07-31 16:02:23 INFO CatchNearbyPokemon:57 - 检索到周边有可以抓的宝可梦 0 只
2016-07-31 16:02:24 INFO LootNearbyPokestop:82 - 移动到较远的补给站
2016-07-31 16:02:26 INFO UpdateProfile:59 - 更新账号信息: 当前经验值 1857980 当前等级 29 经验值进度 207980/350000 (59.42 %) 至 下一等级 30
2016-07-31 16:02:27 INFO GetMapRandomDirection:29 - 探索地图信息 (37.80766426287163, -122.42818188044934)
2016-07-31 16:02:27 INFO CatchNearbyPokemon:57 - 检索到周边有可以抓的宝可梦 0 只
2016-07-31 16:02:27 INFO LootNearbyPokestop:44 - 获取补给站信息失败,正在重试...
2016-07-31 16:02:39 INFO LootNearbyPokestop:82 - 移动到较远的补给站
2016-07-31 16:02:40 INFO UpdateProfile:59 - 更新账号信息: 当前经验值 1857980 当前等级 29 经验值进度 207980/350000 (59.42 %) 至 下一等级 30
2016-07-31 16:02:41 INFO GetMapRandomDirection:29 - 探索地图信息 (37.80744142933006, -122.42772449066427)
2016-07-31 16:02:42 INFO CatchNearbyPokemon:57 - 检索到周边有可以抓的宝可梦 0 只
2016-07-31 16:02:42 INFO LootNearbyPokestop:82 - 移动到较远的补给站
2016-07-31 16:03:57 INFO PokemonGoBotMain:31 - 正在登录服务器...
2016-07-31 16:04:02 INFO PokemonGoBotMain:59 - 成功登录帐号 admin@yumao.name
2016-07-31 16:04:02 INFO PokemonGoBotMain:63 - 初始化空降坐标 (37.807297, -122.429535)
2016-07-31 16:04:02 INFO PokemonGoBot:40 - 正在获取账号信息...
2016-07-31 16:04:03 INFO PokemonGoBot:61 - 用户名称:itscaptainteemo
2016-07-31 16:04:03 INFO PokemonGoBot:62 - 战队信息:TEAM_VALOR
2016-07-31 16:04:03 INFO PokemonGoBot:63 - 口袋金币:0
2016-07-31 16:04:03 INFO PokemonGoBot:64 - 星尘数量:34601
2016-07-31 16:04:03 INFO PokemonGoBot:65 - 达成等级:29
2016-07-31 16:04:03 INFO PokemonGoBot:66 - 当前经验:1858030
2016-07-31 16:04:03 INFO PokemonGoBot:67 - 口袋银行:34/300
2016-07-31 16:04:03 INFO PokemonGoBot:68 - 道具包裹:14/500
2016-07-31 16:04:03 INFO PokemonGoBot:79 - 持有宝可梦:<NAME/CP/IV>
2016-07-31 16:04:03 INFO PokemonGoBot:82 - 名称:阿柏怪 / CP:1272 / IV:93.0%
2016-07-31 16:04:03 INFO PokemonGoBot:82 - 名称:风速狗 / CP:2547 / IV:98.0%
2016-07-31 16:04:03 INFO PokemonGoBot:82 - 名称:刺甲贝 / CP:1156 / IV:91.0%
2016-07-31 16:04:03 INFO PokemonGoBot:82 - 名称:快龙 / CP:1093 / IV:96.0%
2016-07-31 16:04:03 INFO PokemonGoBot:82 - 名称:伊布 / CP:235 / IV:91.0%
2016-07-31 16:04:03 INFO PokemonGoBot:82 - 名称:顽皮雷弹 / CP:1016 / IV:91.0%
2016-07-31 16:04:03 INFO PokemonGoBot:82 - 名称:椰蛋树 / CP:1803 / IV:96.0%
2016-07-31 16:04:03 INFO PokemonGoBot:82 - 名称:火伊布 / CP:2284 / IV:100.0%
2016-07-31 16:04:03 INFO PokemonGoBot:82 - 名称:隆隆岩 / CP:913 / IV:93.0%
2016-07-31 16:04:03 INFO PokemonGoBot:82 - 名称:暴鲤龙 / CP:1521 / IV:96.0%
2016-07-31 16:04:03 INFO PokemonGoBot:82 - 名称:鬼斯通 / CP:1169 / IV:93.0%
2016-07-31 16:04:03 INFO PokemonGoBot:82 - 名称:雷伊布 / CP:814 / IV:91.0%
2016-07-31 16:04:03 INFO PokemonGoBot:82 - 名称:迷唇姐 / CP:961 / IV:91.0%
2016-07-31 16:04:03 INFO PokemonGoBot:82 - 名称:巨钳蟹 / CP:799 / IV:96.0%
2016-07-31 16:04:03 INFO PokemonGoBot:82 - 名称:鸭嘴火兽 / CP:831 / IV:91.0%
2016-07-31 16:04:03 INFO PokemonGoBot:82 - 名称:嘎啦嘎啦 / CP:651 / IV:93.0%
2016-07-31 16:04:03 INFO PokemonGoBot:82 - 名称:多刺菊石兽 / CP:1000 / IV:91.0%
2016-07-31 16:04:03 INFO PokemonGoBot:82 - 名称:派拉斯特 / CP:885 / IV:91.0%
2016-07-31 16:04:03 INFO PokemonGoBot:82 - 名称:大比鸟 / CP:1763 / IV:91.0%
2016-07-31 16:04:03 INFO PokemonGoBot:82 - 名称:凯罗斯 / CP:538 / IV:96.0%
2016-07-31 16:04:03 INFO PokemonGoBot:82 - 名称:蚊香泳士 / CP:1417 / IV:91.0%
2016-07-31 16:04:03 INFO PokemonGoBot:82 - 名称:火暴猴 / CP:1059 / IV:98.0%
2016-07-31 16:04:03 INFO PokemonGoBot:82 - 名称:烈焰马 / CP:926 / IV:91.0%
2016-07-31 16:04:03 INFO PokemonGoBot:82 - 名称:穿山王 / CP:1025 / IV:96.0%
2016-07-31 16:04:03 INFO PokemonGoBot:82 - 名称:飞天螳螂 / CP:1168 / IV:93.0%
2016-07-31 16:04:03 INFO PokemonGoBot:82 - 名称:海刺龙 / CP:972 / IV:96.0%
2016-07-31 16:04:03 INFO PokemonGoBot:82 - 名称:金鱼王 / CP:1151 / IV:91.0%
2016-07-31 16:04:03 INFO PokemonGoBot:82 - 名称:呆壳兽 / CP:1469 / IV:91.0%
2016-07-31 16:04:03 INFO PokemonGoBot:82 - 名称:宝石海星 / CP:1116 / IV:98.0%
2016-07-31 16:04:03 INFO PokemonGoBot:82 - 名称:毒刺水母 / CP:1258 / IV:93.0%
2016-07-31 16:04:03 INFO PokemonGoBot:82 - 名称:水伊布 / CP:2422 / IV:98.0%
2016-07-31 16:04:03 INFO PokemonGoBot:82 - 名称:摩鲁蛾 / CP:531 / IV:91.0%
2016-07-31 16:04:03 INFO PokemonGoBot:82 - 名称:妙蛙花 / CP:1499 / IV:93.0%
2016-07-31 16:04:03 INFO PokemonGoBot:82 - 名称:大食花 / CP:1073 / IV:93.0%
2016-07-31 16:04:03 INFO PokemonGoBot:85 - 正在获取补给站信息...
2016-07-31 16:04:04 INFO PokemonGoBot:96 - 获取到周边 154 个补给站信息
2016-07-31 16:04:04 INFO PokemonGoBot:101 - 开始启动Bot线程...
2016-07-31 16:04:06 INFO UpdateProfile:59 - 更新账号信息: 当前经验值 1858030 当前等级 29 经验值进度 208030/350000 (59.44 %) 至 下一等级 30
2016-07-31 16:04:06 INFO GetMapRandomDirection:29 - 探索地图信息 (37.807320533777265, -122.42950328506406)
2016-07-31 16:04:07 INFO LootNearbyPokestop:67 - 移动到较远的补给站
2016-07-31 16:04:07 INFO CatchNearbyPokemon:57 - 检索到周边有可以抓的宝可梦 0 只
2016-07-31 16:04:08 INFO DropUselessItems:50 - 丢弃了 1 个 ITEM_POTION
2016-07-31 16:04:10 INFO UpdateProfile:59 - 更新账号信息: 当前经验值 1858030 当前等级 29 经验值进度 208030/350000 (59.44 %) 至 下一等级 30
2016-07-31 16:04:10 INFO GetMapRandomDirection:29 - 探索地图信息 (37.80747055180447, -122.42883393301562)
2016-07-31 16:04:11 INFO LootNearbyPokestop:67 - 移动到较远的补给站
2016-07-31 16:04:11 INFO CatchNearbyPokemon:57 - 检索到周边有可以抓的宝可梦 1 只
2016-07-31 16:04:11 INFO CatchNearbyPokemon:65 - 野生的宝可梦 超音蝠 从草里跳出来!
2016-07-31 16:04:12 INFO CatchNearbyPokemon:70 - 遇到宝可梦 超音蝠 CP 10
2016-07-31 16:04:12 INFO CatchNearbyPokemon:92 - 去吧！精灵球！
2016-07-31 16:04:14 INFO CatchNearbyPokemon:99 - 抓住了一只 超音蝠 CP 57.78% IV 57.77777777777778
2016-07-31 16:04:14 INFO CatchNearbyPokemon:100 - 获得了[100]经验值[3]糖果[100]星辰]
2016-07-31 16:04:16 INFO UpdateProfile:59 - 更新账号信息: 当前经验值 1858240 当前等级 29 经验值进度 208240/350000 (59.50 %) 至 下一等级 30
2016-07-31 16:04:16 INFO GetMapRandomDirection:29 - 探索地图信息 (37.80738116687266, -122.42856530629689)
2016-07-31 16:04:17 INFO LootNearbyPokestop:67 - 移动到较远的补给站
2016-07-31 16:04:17 INFO CatchNearbyPokemon:57 - 检索到周边有可以抓的宝可梦 0 只
2016-07-31 16:04:17 INFO ReleasePokemon:47 - 正在放生宝可梦 超音蝠 原因 57.77777777777777 IV不达标
2016-07-31 16:04:18 INFO ReleasePokemon:51 - 已放生宝可梦 超音蝠
2016-07-31 16:04:20 INFO UpdateProfile:59 - 更新账号信息: 当前经验值 1858240 当前等级 29 经验值进度 208240/350000 (59.50 %) 至 下一等级 30
2016-07-31 16:04:20 INFO GetMapRandomDirection:29 - 探索地图信息 (37.80767395996407, -122.42820921156427)
2016-07-31 16:04:21 INFO LootNearbyPokestop:67 - 移动到较远的补给站
2016-07-31 16:04:22 INFO CatchNearbyPokemon:57 - 检索到周边有可以抓的宝可梦 1 只
2016-07-31 16:04:22 INFO CatchNearbyPokemon:65 - 野生的宝可梦 杰尼龟 从草里跳出来!
2016-07-31 16:04:23 INFO CatchNearbyPokemon:70 - 遇到宝可梦 杰尼龟 CP 622
2016-07-31 16:04:23 INFO CatchNearbyPokemon:92 - 去吧！精灵球！
2016-07-31 16:04:24 INFO CatchNearbyPokemon:99 - 抓住了一只 杰尼龟 CP 31.11% IV 31.11111111111111
2016-07-31 16:04:24 INFO CatchNearbyPokemon:100 - 获得了[100]经验值[3]糖果[100]星辰]
2016-07-31 16:04:26 INFO UpdateProfile:59 - 更新账号信息: 当前经验值 1858450 当前等级 29 经验值进度 208450/350000 (59.56 %) 至 下一等级 30
2016-07-31 16:04:27 INFO GetMapRandomDirection:29 - 探索地图信息 (37.80792822887386, -122.42746300326208)
2016-07-31 16:04:27 INFO LootNearbyPokestop:52 - 正在滑动补给站bdd153ff62b74a2ba861be448aeb1614.16
2016-07-31 16:04:28 INFO CatchNearbyPokemon:57 - 检索到周边有可以抓的宝可梦 2 只
2016-07-31 16:04:28 INFO CatchNearbyPokemon:65 - 野生的宝可梦 角金鱼 从草里跳出来!
2016-07-31 16:04:28 INFO CatchNearbyPokemon:70 - 遇到宝可梦 角金鱼 CP 599
2016-07-31 16:04:28 INFO LootNearbyPokestop:56 - 成功的摸了一把补给站 bdd153ff62b74a2ba861be448aeb1614.16，获得了 50 经验值
2016-07-31 16:04:28 INFO LootNearbyPokestop:67 - 移动到较远的补给站
2016-07-31 16:04:29 INFO CatchNearbyPokemon:92 - 去吧！精灵球！
2016-07-31 16:04:29 INFO ReleasePokemon:47 - 正在放生宝可梦 杰尼龟 原因 31.11111111111111 IV不达标
2016-07-31 16:04:30 INFO ReleasePokemon:51 - 已放生宝可梦 杰尼龟
2016-07-31 16:04:30 INFO CatchNearbyPokemon:99 - 抓住了一只 角金鱼 CP 44.44% IV 44.44444444444444
2016-07-31 16:04:30 INFO CatchNearbyPokemon:100 - 获得了[100]经验值[3]糖果[100]星辰]
2016-07-31 16:04:31 ERROR DropUselessItems:57 - 丢弃道具进程发生错误
com.pokegoapi.exceptions.RemoteServerException: com.google.protobuf.InvalidProtocolBufferException: Contents of buffer are null
	at com.pokegoapi.api.inventory.ItemBag.removeItem(ItemBag.java:82)
	at name.teemo.pogo.task.DropUselessItems.run(DropUselessItems.java:47)
	at java.util.concurrent.ThreadPoolExecutor.runWorker(ThreadPoolExecutor.java:1142)
	at java.util.concurrent.ThreadPoolExecutor$Worker.run(ThreadPoolExecutor.java:617)
	at java.lang.Thread.run(Thread.java:745)
Caused by: com.google.protobuf.InvalidProtocolBufferException: Contents of buffer are null
	at com.pokegoapi.main.ServerRequest.getData(ServerRequest.java:66)
	at com.pokegoapi.api.inventory.ItemBag.removeItem(ItemBag.java:80)
	... 4 more
2016-07-31 16:04:31 INFO CatchNearbyPokemon:65 - 野生的宝可梦 波波 从草里跳出来!
2016-07-31 16:04:32 INFO CatchNearbyPokemon:70 - 遇到宝可梦 波波 CP 252
2016-07-31 16:04:32 INFO CatchNearbyPokemon:92 - 去吧！精灵球！
2016-07-31 16:04:33 INFO CatchNearbyPokemon:99 - 抓住了一只 波波 CP 68.89% IV 68.88888888888889
2016-07-31 16:04:33 INFO CatchNearbyPokemon:100 - 获得了[100]经验值[3]糖果[100]星辰]
2016-07-31 16:04:35 INFO UpdateProfile:59 - 更新账号信息: 当前经验值 1858920 当前等级 29 经验值进度 208920/350000 (59.69 %) 至 下一等级 30
2016-07-31 16:04:36 INFO GetMapRandomDirection:29 - 探索地图信息 (37.807326826734936, -122.42747224501673)
2016-07-31 16:04:36 INFO LootNearbyPokestop:67 - 移动到较远的补给站
2016-07-31 16:04:37 INFO CatchNearbyPokemon:57 - 检索到周边有可以抓的宝可梦 1 只
2016-07-31 16:04:37 INFO CatchNearbyPokemon:65 - 野生的宝可梦 NIDORAN_FEMALE 从草里跳出来!
2016-07-31 16:04:37 INFO ReleasePokemon:47 - 正在放生宝可梦 波波 原因 68.88888888888889 IV不达标
2016-07-31 16:04:38 INFO CatchNearbyPokemon:70 - 遇到宝可梦 NIDORAN_FEMALE CP 97
2016-07-31 16:04:38 INFO CatchNearbyPokemon:92 - 去吧！精灵球！
2016-07-31 16:04:38 INFO ReleasePokemon:51 - 已放生宝可梦 波波
2016-07-31 16:04:39 INFO CatchNearbyPokemon:99 - 抓住了一只 NIDORAN_FEMALE CP 24.44% IV 24.444444444444443
2016-07-31 16:04:39 INFO CatchNearbyPokemon:100 - 获得了[100]经验值[3]糖果[100]星辰]
2016-07-31 16:04:39 INFO DropUselessItems:50 - 丢弃了 1 个 ITEM_REVIVE
2016-07-31 16:04:40 INFO DropUselessItems:50 - 丢弃了 1 个 ITEM_POTION
2016-07-31 16:04:40 INFO DropUselessItems:50 - 丢弃了 1 个 ITEM_SUPER_POTION
2016-07-31 16:04:42 INFO UpdateProfile:59 - 更新账号信息: 当前经验值 1858920 当前等级 29 经验值进度 208920/350000 (59.69 %) 至 下一等级 30
2016-07-31 16:04:42 INFO GetMapRandomDirection:29 - 探索地图信息 (37.80700442290909, -122.42763207962241)
2016-07-31 16:04:43 INFO LootNearbyPokestop:52 - 正在滑动补给站cf3d49b301284a6aabb6c16ae8d6d720.16
2016-07-31 16:04:43 INFO CatchNearbyPokemon:57 - 检索到周边有可以抓的宝可梦 0 只
2016-07-31 16:04:44 INFO LootNearbyPokestop:56 - 成功的摸了一把补给站 cf3d49b301284a6aabb6c16ae8d6d720.16，获得了 50 经验值
2016-07-31 16:04:44 INFO LootNearbyPokestop:67 - 移动到较远的补给站
2016-07-31 16:04:45 INFO UpdateProfile:59 - 更新账号信息: 当前经验值 1858920 当前等级 29 经验值进度 208920/350000 (59.69 %) 至 下一等级 30
2016-07-31 16:04:46 INFO GetMapRandomDirection:29 - 探索地图信息 (37.80747052230827, -122.4277484712593)
2016-07-31 16:04:47 INFO LootNearbyPokestop:67 - 移动到较远的补给站
2016-07-31 16:04:47 INFO CatchNearbyPokemon:57 - 检索到周边有可以抓的宝可梦 0 只
2016-07-31 16:04:49 INFO UpdateProfile:59 - 更新账号信息: 当前经验值 1858920 当前等级 29 经验值进度 208920/350000 (59.69 %) 至 下一等级 30
2016-07-31 16:04:49 INFO GetMapRandomDirection:29 - 探索地图信息 (37.80765852855483, -122.42821602508691)
2016-07-31 16:04:50 INFO CatchNearbyPokemon:57 - 检索到周边有可以抓的宝可梦 0 只
2016-07-31 16:04:50 INFO LootNearbyPokestop:67 - 移动到较远的补给站
2016-07-31 16:04:52 INFO UpdateProfile:59 - 更新账号信息: 当前经验值 1858920 当前等级 29 经验值进度 208920/350000 (59.69 %) 至 下一等级 30
2016-07-31 16:04:53 INFO GetMapRandomDirection:29 - 探索地图信息 (37.807462663156656, -122.42772224237257)
2016-07-31 16:04:53 INFO LootNearbyPokestop:67 - 移动到较远的补给站
2016-07-31 16:04:54 INFO CatchNearbyPokemon:57 - 检索到周边有可以抓的宝可梦 0 只
2016-07-31 16:04:56 INFO UpdateProfile:59 - 更新账号信息: 当前经验值 1858920 当前等级 29 经验值进度 208920/350000 (59.69 %) 至 下一等级 30
2016-07-31 16:04:56 INFO GetMapRandomDirection:29 - 探索地图信息 (37.807637371901016, -122.42822877069254)
2016-07-31 16:04:57 INFO LootNearbyPokestop:67 - 移动到较远的补给站
2016-07-31 16:04:57 INFO CatchNearbyPokemon:57 - 检索到周边有可以抓的宝可梦 0 只
2016-07-31 16:04:59 INFO UpdateProfile:59 - 更新账号信息: 当前经验值 1858920 当前等级 29 经验值进度 208920/350000 (59.69 %) 至 下一等级 30
2016-07-31 16:04:59 INFO GetMapRandomDirection:29 - 探索地图信息 (37.80745792784221, -122.42769455750793)
2016-07-31 16:05:00 INFO LootNearbyPokestop:67 - 移动到较远的补给站
2016-07-31 16:05:00 INFO CatchNearbyPokemon:57 - 检索到周边有可以抓的宝可梦 0 只
2016-07-31 16:05:02 INFO UpdateProfile:59 - 更新账号信息: 当前经验值 1858920 当前等级 29 经验值进度 208920/350000 (59.69 %) 至 下一等级 30
2016-07-31 16:05:03 INFO GetMapRandomDirection:29 - 探索地图信息 (37.80757506511831, -122.42814616226818)
2016-07-31 16:05:03 INFO LootNearbyPokestop:67 - 移动到较远的补给站
2016-07-31 16:05:04 INFO CatchNearbyPokemon:57 - 检索到周边有可以抓的宝可梦 0 只
2016-07-31 16:05:05 INFO UpdateProfile:59 - 更新账号信息: 当前经验值 1858920 当前等级 29 经验值进度 208920/350000 (59.69 %) 至 下一等级 30
2016-07-31 16:05:06 INFO GetMapRandomDirection:29 - 探索地图信息 (37.80745817270223, -122.42768955148166)
2016-07-31 16:05:07 INFO LootNearbyPokestop:67 - 移动到较远的补给站
2016-07-31 16:05:07 INFO CatchNearbyPokemon:57 - 检索到周边有可以抓的宝可梦 0 只
2016-07-31 16:05:09 INFO UpdateProfile:59 - 更新账号信息: 当前经验值 1858920 当前等级 29 经验值进度 208920/350000 (59.69 %) 至 下一等级 30
2016-07-31 16:05:09 INFO GetMapRandomDirection:29 - 探索地图信息 (37.80761577428456, -122.42818189842843)
2016-07-31 16:05:10 INFO LootNearbyPokestop:67 - 移动到较远的补给站
2016-07-31 16:05:10 INFO CatchNearbyPokemon:57 - 检索到周边有可以抓的宝可梦 0 只
2016-07-31 16:05:12 INFO UpdateProfile:59 - 更新账号信息: 当前经验值 1858920 当前等级 29 经验值进度 208920/350000 (59.69 %) 至 下一等级 30
2016-07-31 16:05:13 INFO GetMapRandomDirection:29 - 探索地图信息 (37.80744299205541, -122.42774499282544)
2016-07-31 16:05:13 INFO LootNearbyPokestop:67 - 移动到较远的补给站
2016-07-31 16:05:14 INFO CatchNearbyPokemon:57 - 检索到周边有可以抓的宝可梦 0 只
2016-07-31 16:05:15 INFO UpdateProfile:59 - 更新账号信息: 当前经验值 1858920 当前等级 29 经验值进度 208920/350000 (59.69 %) 至 下一等级 30
2016-07-31 16:05:16 INFO GetMapRandomDirection:29 - 探索地图信息 (37.807607890293525, -122.42819150962423)
2016-07-31 16:05:17 INFO LootNearbyPokestop:67 - 移动到较远的补给站
2016-07-31 16:05:17 INFO CatchNearbyPokemon:57 - 检索到周边有可以抓的宝可梦 0 只
2016-07-31 16:05:19 INFO UpdateProfile:59 - 更新账号信息: 当前经验值 1858920 当前等级 29 经验值进度 208920/350000 (59.69 %) 至 下一等级 30
2016-07-31 16:05:20 INFO GetMapRandomDirection:29 - 探索地图信息 (37.807507586266574, -122.42777511769461)
2016-07-31 16:05:20 INFO LootNearbyPokestop:67 - 移动到较远的补给站
2016-07-31 16:05:20 INFO CatchNearbyPokemon:57 - 检索到周边有可以抓的宝可梦 0 只
2016-07-31 16:05:22 INFO UpdateProfile:59 - 更新账号信息: 当前经验值 1858920 当前等级 29 经验值进度 208920/350000 (59.69 %) 至 下一等级 30
2016-07-31 16:05:23 INFO GetMapRandomDirection:29 - 探索地图信息 (37.807620429391775, -122.42814619320755)
2016-07-31 16:05:23 INFO LootNearbyPokestop:67 - 移动到较远的补给站
2016-07-31 16:05:24 INFO CatchNearbyPokemon:57 - 检索到周边有可以抓的宝可梦 0 只
2016-07-31 16:05:26 INFO UpdateProfile:59 - 更新账号信息: 当前经验值 1858920 当前等级 29 经验值进度 208920/350000 (59.69 %) 至 下一等级 30
2016-07-31 16:05:26 INFO GetMapRandomDirection:29 - 探索地图信息 (37.80746107686488, -122.42774214134421)
2016-07-31 16:05:27 INFO LootNearbyPokestop:67 - 移动到较远的补给站
2016-07-31 16:05:27 INFO CatchNearbyPokemon:57 - 检索到周边有可以抓的宝可梦 0 只
2016-07-31 16:05:29 INFO UpdateProfile:59 - 更新账号信息: 当前经验值 1858920 当前等级 29 经验值进度 208920/350000 (59.69 %) 至 下一等级 30
2016-07-31 16:05:29 INFO GetMapRandomDirection:29 - 探索地图信息 (37.807633688409865, -122.42821786360767)
2016-07-31 16:05:30 INFO LootNearbyPokestop:67 - 移动到较远的补给站
2016-07-31 16:05:30 INFO CatchNearbyPokemon:57 - 检索到周边有可以抓的宝可梦 0 只
2016-07-31 16:05:32 INFO UpdateProfile:59 - 更新账号信息: 当前经验值 1858920 当前等级 29 经验值进度 208920/350000 (59.69 %) 至 下一等级 30
2016-07-31 16:05:33 INFO GetMapRandomDirection:29 - 探索地图信息 (37.807436541231546, -122.427695013477)
2016-07-31 16:05:33 INFO LootNearbyPokestop:67 - 移动到较远的补给站
2016-07-31 16:05:34 INFO CatchNearbyPokemon:57 - 检索到周边有可以抓的宝可梦 0 只
2016-07-31 16:05:35 INFO UpdateProfile:59 - 更新账号信息: 当前经验值 1858920 当前等级 29 经验值进度 208920/350000 (59.69 %) 至 下一等级 30
2016-07-31 16:05:36 INFO GetMapRandomDirection:29 - 探索地图信息 (37.80762500736514, -122.42820307569873)
2016-07-31 16:05:37 INFO LootNearbyPokestop:67 - 移动到较远的补给站
2016-07-31 16:05:37 INFO CatchNearbyPokemon:57 - 检索到周边有可以抓的宝可梦 0 只
2016-07-31 16:05:39 INFO UpdateProfile:59 - 更新账号信息: 当前经验值 1858920 当前等级 29 经验值进度 208920/350000 (59.69 %) 至 下一等级 30
2016-07-31 16:05:39 INFO GetMapRandomDirection:29 - 探索地图信息 (37.80750398091536, -122.42769013606404)
2016-07-31 16:05:40 INFO LootNearbyPokestop:67 - 移动到较远的补给站
2016-07-31 16:05:40 INFO CatchNearbyPokemon:57 - 检索到周边有可以抓的宝可梦 0 只
2016-07-31 16:05:42 INFO UpdateProfile:59 - 更新账号信息: 当前经验值 1858920 当前等级 29 经验值进度 208920/350000 (59.69 %) 至 下一等级 30
2016-07-31 16:05:43 INFO GetMapRandomDirection:29 - 探索地图信息 (37.80762449598875, -122.42819306928892)
2016-07-31 16:05:43 INFO LootNearbyPokestop:67 - 移动到较远的补给站
2016-07-31 16:05:44 INFO CatchNearbyPokemon:57 - 检索到周边有可以抓的宝可梦 0 只
2016-07-31 16:05:45 INFO UpdateProfile:59 - 更新账号信息: 当前经验值 1858920 当前等级 29 经验值进度 208920/350000 (59.69 %) 至 下一等级 30
2016-07-31 16:05:46 INFO GetMapRandomDirection:29 - 探索地图信息 (37.80747050392841, -122.42778678965517)
2016-07-31 16:05:47 INFO LootNearbyPokestop:67 - 移动到较远的补给站
2016-07-31 16:05:47 INFO CatchNearbyPokemon:57 - 检索到周边有可以抓的宝可梦 0 只
2016-07-31 16:05:49 INFO UpdateProfile:59 - 更新账号信息: 当前经验值 1858920 当前等级 29 经验值进度 208920/350000 (59.69 %) 至 下一等级 30
2016-07-31 16:05:49 INFO GetMapRandomDirection:29 - 探索地图信息 (37.807672709660864, -122.42814864750247)
2016-07-31 16:05:50 INFO LootNearbyPokestop:67 - 移动到较远的补给站
2016-07-31 16:05:50 INFO CatchNearbyPokemon:57 - 检索到周边有可以抓的宝可梦 0 只
2016-07-31 16:05:52 INFO UpdateProfile:59 - 更新账号信息: 当前经验值 1858920 当前等级 29 经验值进度 208920/350000 (59.69 %) 至 下一等级 30
2016-07-31 16:05:53 INFO GetMapRandomDirection:29 - 探索地图信息 (37.8074981928359, -122.4277099164391)
2016-07-31 16:05:53 INFO LootNearbyPokestop:67 - 移动到较远的补给站
2016-07-31 16:05:54 INFO CatchNearbyPokemon:57 - 检索到周边有可以抓的宝可梦 0 只
2016-07-31 16:05:55 INFO UpdateProfile:59 - 更新账号信息: 当前经验值 1858920 当前等级 29 经验值进度 208920/350000 (59.69 %) 至 下一等级 30
2016-07-31 16:05:56 INFO GetMapRandomDirection:29 - 探索地图信息 (37.80767251414301, -122.42816194166267)
2016-07-31 16:05:56 INFO LootNearbyPokestop:67 - 移动到较远的补给站
2016-07-31 16:05:57 INFO CatchNearbyPokemon:57 - 检索到周边有可以抓的宝可梦 0 只
2016-07-31 16:05:59 INFO UpdateProfile:59 - 更新账号信息: 当前经验值 1858920 当前等级 29 经验值进度 208920/350000 (59.69 %) 至 下一等级 30
2016-07-31 16:05:59 INFO GetMapRandomDirection:29 - 探索地图信息 (37.807469446853425, -122.42769468575139)
2016-07-31 16:06:00 INFO LootNearbyPokestop:67 - 移动到较远的补给站
2016-07-31 16:06:00 INFO CatchNearbyPokemon:57 - 检索到周边有可以抓的宝可梦 0 只
2016-07-31 16:06:02 INFO UpdateProfile:59 - 更新账号信息: 当前经验值 1858920 当前等级 29 经验值进度 208920/350000 (59.69 %) 至 下一等级 30
2016-07-31 16:06:03 INFO GetMapRandomDirection:29 - 探索地图信息 (37.80759075735891, -122.42818233012638)
2016-07-31 16:06:03 INFO LootNearbyPokestop:67 - 移动到较远的补给站
2016-07-31 16:06:04 INFO CatchNearbyPokemon:57 - 检索到周边有可以抓的宝可梦 0 只
2016-07-31 16:06:05 INFO UpdateProfile:59 - 更新账号信息: 当前经验值 1858920 当前等级 29 经验值进度 208920/350000 (59.69 %) 至 下一等级 30
2016-07-31 16:06:06 INFO GetMapRandomDirection:29 - 探索地图信息 (37.80748202756532, -122.42777092002721)
2016-07-31 16:06:07 INFO LootNearbyPokestop:67 - 移动到较远的补给站
2016-07-31 16:06:07 INFO CatchNearbyPokemon:57 - 检索到周边有可以抓的宝可梦 0 只
2016-07-31 16:06:09 INFO UpdateProfile:59 - 更新账号信息: 当前经验值 1858920 当前等级 29 经验值进度 208920/350000 (59.69 %) 至 下一等级 30
2016-07-31 16:06:09 INFO GetMapRandomDirection:29 - 探索地图信息 (37.80763187046492, -122.42815086838)
2016-07-31 16:06:10 INFO LootNearbyPokestop:67 - 移动到较远的补给站
2016-07-31 16:06:10 INFO CatchNearbyPokemon:57 - 检索到周边有可以抓的宝可梦 0 只
2016-07-31 16:06:12 INFO UpdateProfile:59 - 更新账号信息: 当前经验值 1858920 当前等级 29 经验值进度 208920/350000 (59.69 %) 至 下一等级 30
2016-07-31 16:06:13 INFO GetMapRandomDirection:29 - 探索地图信息 (37.807461604263615, -122.42771098653412)
2016-07-31 16:06:13 INFO LootNearbyPokestop:67 - 移动到较远的补给站
2016-07-31 16:06:14 INFO CatchNearbyPokemon:57 - 检索到周边有可以抓的宝可梦 0 只
2016-07-31 16:06:15 INFO UpdateProfile:59 - 更新账号信息: 当前经验值 1858920 当前等级 29 经验值进度 208920/350000 (59.69 %) 至 下一等级 30
2016-07-31 16:06:16 INFO GetMapRandomDirection:29 - 探索地图信息 (37.80757514925948, -122.42822655254054)
2016-07-31 16:06:17 INFO LootNearbyPokestop:52 - 正在滑动补给站15fabb43099a4d259a75edc9ca81c33d.16
2016-07-31 16:06:17 INFO CatchNearbyPokemon:57 - 检索到周边有可以抓的宝可梦 1 只
2016-07-31 16:06:17 INFO CatchNearbyPokemon:65 - 野生的宝可梦 杰尼龟 从草里跳出来!
2016-07-31 16:06:17 INFO LootNearbyPokestop:56 - 成功的摸了一把补给站 15fabb43099a4d259a75edc9ca81c33d.16，获得了 50 经验值
2016-07-31 16:06:17 INFO LootNearbyPokestop:67 - 移动到较远的补给站
2016-07-31 16:06:18 INFO CatchNearbyPokemon:70 - 遇到宝可梦 杰尼龟 CP 482
2016-07-31 16:06:18 INFO CatchNearbyPokemon:92 - 去吧！精灵球！
2016-07-31 16:06:21 INFO CatchNearbyPokemon:103 - 捕捉失败，原因: ENCOUNTER_SUCCESS
2016-07-31 16:06:23 INFO UpdateProfile:59 - 更新账号信息: 当前经验值 1859255 当前等级 29 经验值进度 209255/350000 (59.79 %) 至 下一等级 30
2016-07-31 16:06:23 INFO GetMapRandomDirection:29 - 探索地图信息 (37.807490220981116, -122.42775757823132)
2016-07-31 16:06:24 INFO LootNearbyPokestop:52 - 正在滑动补给站0836d3b5f99f4923babaf58e4d0e1253.16
2016-07-31 16:06:24 INFO CatchNearbyPokemon:57 - 检索到周边有可以抓的宝可梦 0 只
2016-07-31 16:06:24 INFO LootNearbyPokestop:56 - 成功的摸了一把补给站 0836d3b5f99f4923babaf58e4d0e1253.16，获得了 50 经验值
2016-07-31 16:06:24 INFO LootNearbyPokestop:67 - 移动到较远的补给站
2016-07-31 16:06:25 INFO DropUselessItems:50 - 丢弃了 2 个 ITEM_REVIVE
2016-07-31 16:06:27 INFO UpdateProfile:59 - 更新账号信息: 当前经验值 1859255 当前等级 29 经验值进度 209255/350000 (59.79 %) 至 下一等级 30
2016-07-31 16:06:27 INFO GetMapRandomDirection:29 - 探索地图信息 (37.8075954467498, -122.42815475920285)
2016-07-31 16:06:28 INFO LootNearbyPokestop:67 - 移动到较远的补给站
2016-07-31 16:06:28 INFO CatchNearbyPokemon:57 - 检索到周边有可以抓的宝可梦 0 只
2016-07-31 16:06:30 INFO UpdateProfile:59 - 更新账号信息: 当前经验值 1859305 当前等级 29 经验值进度 209305/350000 (59.80 %) 至 下一等级 30
2016-07-31 16:06:31 INFO GetMapRandomDirection:29 - 探索地图信息 (37.80747108036887, -122.42772047169309)
2016-07-31 16:06:31 INFO LootNearbyPokestop:67 - 移动到较远的补给站
2016-07-31 16:06:32 INFO CatchNearbyPokemon:57 - 检索到周边有可以抓的宝可梦 0 只
2016-07-31 16:06:33 INFO UpdateProfile:59 - 更新账号信息: 当前经验值 1859305 当前等级 29 经验值进度 209305/350000 (59.80 %) 至 下一等级 30
2016-07-31 16:06:34 INFO GetMapRandomDirection:29 - 探索地图信息 (37.80761408115112, -122.42820144086166)
2016-07-31 16:06:35 INFO LootNearbyPokestop:67 - 移动到较远的补给站
2016-07-31 16:06:35 INFO CatchNearbyPokemon:57 - 检索到周边有可以抓的宝可梦 0 只
2016-07-31 16:16:20 INFO PokemonGoBotMain:31 - 正在登录服务器...
2016-07-31 16:16:25 INFO PokemonGoBotMain:59 - 成功登录帐号 admin@yumao.name
2016-07-31 16:16:25 INFO PokemonGoBotMain:63 - 初始化空降坐标 (37.807297, -122.429535)
2016-07-31 16:16:25 INFO PokemonGoBot:40 - 正在获取账号信息...
2016-07-31 16:16:27 INFO PokemonGoBot:61 - 用户名称:itscaptainteemo
2016-07-31 16:16:27 INFO PokemonGoBot:62 - 战队信息:TEAM_VALOR
2016-07-31 16:16:27 INFO PokemonGoBot:63 - 口袋金币:0
2016-07-31 16:16:27 INFO PokemonGoBot:64 - 星尘数量:35101
2016-07-31 16:16:27 INFO PokemonGoBot:65 - 达成等级:29
2016-07-31 16:16:27 INFO PokemonGoBot:66 - 当前经验:1859305
2016-07-31 16:16:27 INFO PokemonGoBot:67 - 口袋银行:36/300
2016-07-31 16:16:27 INFO PokemonGoBot:68 - 道具包裹:14/500
2016-07-31 16:16:27 INFO PokemonGoBot:79 - 持有宝可梦:<NAME/CP/IV>
2016-07-31 16:16:27 INFO PokemonGoBot:82 - 名称:阿柏怪 / CP:1272 / IV:93.0%
2016-07-31 16:16:27 INFO PokemonGoBot:82 - 名称:风速狗 / CP:2547 / IV:98.0%
2016-07-31 16:16:27 INFO PokemonGoBot:82 - 名称:刺甲贝 / CP:1156 / IV:91.0%
2016-07-31 16:16:27 INFO PokemonGoBot:82 - 名称:快龙 / CP:1093 / IV:96.0%
2016-07-31 16:16:27 INFO PokemonGoBot:82 - 名称:伊布 / CP:235 / IV:91.0%
2016-07-31 16:16:27 INFO PokemonGoBot:82 - 名称:顽皮雷弹 / CP:1016 / IV:91.0%
2016-07-31 16:16:27 INFO PokemonGoBot:82 - 名称:椰蛋树 / CP:1803 / IV:96.0%
2016-07-31 16:16:27 INFO PokemonGoBot:82 - 名称:火伊布 / CP:2284 / IV:100.0%
2016-07-31 16:16:27 INFO PokemonGoBot:82 - 名称:角金鱼 / CP:599 / IV:44.0%
2016-07-31 16:16:27 INFO PokemonGoBot:82 - 名称:隆隆岩 / CP:913 / IV:93.0%
2016-07-31 16:16:27 INFO PokemonGoBot:82 - 名称:暴鲤龙 / CP:1521 / IV:96.0%
2016-07-31 16:16:27 INFO PokemonGoBot:82 - 名称:鬼斯通 / CP:1169 / IV:93.0%
2016-07-31 16:16:27 INFO PokemonGoBot:82 - 名称:雷伊布 / CP:814 / IV:91.0%
2016-07-31 16:16:27 INFO PokemonGoBot:82 - 名称:迷唇姐 / CP:961 / IV:91.0%
2016-07-31 16:16:27 INFO PokemonGoBot:82 - 名称:巨钳蟹 / CP:799 / IV:96.0%
2016-07-31 16:16:27 INFO PokemonGoBot:82 - 名称:鸭嘴火兽 / CP:831 / IV:91.0%
2016-07-31 16:16:27 INFO PokemonGoBot:82 - 名称:嘎啦嘎啦 / CP:651 / IV:93.0%
2016-07-31 16:16:27 INFO PokemonGoBot:82 - 名称:NIDORAN_FEMALE / CP:97 / IV:24.0%
2016-07-31 16:16:27 INFO PokemonGoBot:82 - 名称:多刺菊石兽 / CP:1000 / IV:91.0%
2016-07-31 16:16:27 INFO PokemonGoBot:82 - 名称:派拉斯特 / CP:885 / IV:91.0%
2016-07-31 16:16:27 INFO PokemonGoBot:82 - 名称:大比鸟 / CP:1763 / IV:91.0%
2016-07-31 16:16:27 INFO PokemonGoBot:82 - 名称:凯罗斯 / CP:538 / IV:96.0%
2016-07-31 16:16:27 INFO PokemonGoBot:82 - 名称:蚊香泳士 / CP:1417 / IV:91.0%
2016-07-31 16:16:27 INFO PokemonGoBot:82 - 名称:火暴猴 / CP:1059 / IV:98.0%
2016-07-31 16:16:27 INFO PokemonGoBot:82 - 名称:烈焰马 / CP:926 / IV:91.0%
2016-07-31 16:16:27 INFO PokemonGoBot:82 - 名称:穿山王 / CP:1025 / IV:96.0%
2016-07-31 16:16:27 INFO PokemonGoBot:82 - 名称:飞天螳螂 / CP:1168 / IV:93.0%
2016-07-31 16:16:27 INFO PokemonGoBot:82 - 名称:海刺龙 / CP:972 / IV:96.0%
2016-07-31 16:16:27 INFO PokemonGoBot:82 - 名称:金鱼王 / CP:1151 / IV:91.0%
2016-07-31 16:16:27 INFO PokemonGoBot:82 - 名称:呆壳兽 / CP:1469 / IV:91.0%
2016-07-31 16:16:27 INFO PokemonGoBot:82 - 名称:宝石海星 / CP:1116 / IV:98.0%
2016-07-31 16:16:27 INFO PokemonGoBot:82 - 名称:毒刺水母 / CP:1258 / IV:93.0%
2016-07-31 16:16:27 INFO PokemonGoBot:82 - 名称:水伊布 / CP:2422 / IV:98.0%
2016-07-31 16:16:27 INFO PokemonGoBot:82 - 名称:摩鲁蛾 / CP:531 / IV:91.0%
2016-07-31 16:16:27 INFO PokemonGoBot:82 - 名称:妙蛙花 / CP:1499 / IV:93.0%
2016-07-31 16:16:27 INFO PokemonGoBot:82 - 名称:大食花 / CP:1073 / IV:93.0%
2016-07-31 16:16:27 INFO PokemonGoBot:85 - 正在获取补给站信息...
2016-07-31 16:16:28 INFO PokemonGoBot:96 - 获取到周边 154 个补给站信息
2016-07-31 16:16:28 INFO PokemonGoBot:101 - 开始启动Bot线程...
2016-07-31 16:16:29 INFO UpdateProfile:59 - 更新账号信息: 当前经验值 1859305 当前等级 29 经验值进度 209305/350000 (59.80 %) 至 下一等级 30
2016-07-31 16:16:29 INFO UpdateProfile:60 - Bot获得经验值 0 精灵 0 / 0 道具 0 / 0
2016-07-31 16:16:30 INFO GetMapRandomDirection:29 - 探索地图信息 (37.807321730393284, -122.42955770952835)
2016-07-31 16:16:30 INFO CatchNearbyPokemon:57 - 检索到周边有可以抓的宝可梦 0 只
2016-07-31 16:16:30 INFO LootNearbyPokestop:53 - 正在滑动补给站5819fdfacc624ccc89448526084fa4fe.16
2016-07-31 16:16:31 INFO ReleasePokemon:48 - 正在放生宝可梦 角金鱼 原因 44.44444444444444 IV不达标
2016-07-31 16:16:31 INFO LootNearbyPokestop:57 - 成功的摸了一把补给站 5819fdfacc624ccc89448526084fa4fe.16，获得了 50 经验值
2016-07-31 16:16:31 INFO LootNearbyPokestop:60 - 获得了 1 个 ITEM_POKE_BALL
2016-07-31 16:16:31 INFO LootNearbyPokestop:60 - 获得了 1 个 ITEM_POKE_BALL
2016-07-31 16:16:31 INFO LootNearbyPokestop:60 - 获得了 1 个 ITEM_POKE_BALL
2016-07-31 16:16:31 INFO LootNearbyPokestop:74 - 移动到较远的补给站
2016-07-31 16:16:32 INFO ReleasePokemon:52 - 已放生宝可梦 角金鱼
2016-07-31 16:16:32 INFO ReleasePokemon:48 - 正在放生宝可梦 NIDORAN_FEMALE 原因 24.444444444444443 IV不达标
2016-07-31 16:16:33 INFO ReleasePokemon:52 - 已放生宝可梦 NIDORAN_FEMALE
2016-07-31 16:16:35 INFO UpdateProfile:59 - 更新账号信息: 当前经验值 1859355 当前等级 29 经验值进度 209355/350000 (59.82 %) 至 下一等级 30
2016-07-31 16:16:35 INFO UpdateProfile:60 - Bot获得经验值 50 精灵 0 / 2 道具 3 / 0
2016-07-31 16:16:35 INFO GetMapRandomDirection:29 - 探索地图信息 (37.807397630603596, -122.43023752891331)
2016-07-31 16:16:36 INFO LootNearbyPokestop:53 - 正在滑动补给站3ce7b6f1c2254f959b8dcea927b8d0d1.16
2016-07-31 16:16:36 INFO CatchNearbyPokemon:57 - 检索到周边有可以抓的宝可梦 1 只
2016-07-31 16:16:36 INFO CatchNearbyPokemon:65 - 野生的宝可梦 可达鸭 从草里跳出来!
2016-07-31 16:16:37 INFO LootNearbyPokestop:57 - 成功的摸了一把补给站 3ce7b6f1c2254f959b8dcea927b8d0d1.16，获得了 50 经验值
2016-07-31 16:16:37 INFO LootNearbyPokestop:60 - 获得了 1 个 ITEM_POTION
2016-07-31 16:16:37 INFO LootNearbyPokestop:60 - 获得了 1 个 ITEM_POKE_BALL
2016-07-31 16:16:37 INFO LootNearbyPokestop:60 - 获得了 1 个 ITEM_POKE_BALL
2016-07-31 16:16:37 INFO LootNearbyPokestop:53 - 正在滑动补给站d0c453e3e99a43069531073a300d129f.16
2016-07-31 16:16:37 INFO CatchNearbyPokemon:70 - 遇到宝可梦 可达鸭 CP 125
2016-07-31 16:16:37 INFO CatchNearbyPokemon:92 - 去吧！精灵球！
2016-07-31 16:16:37 INFO LootNearbyPokestop:57 - 成功的摸了一把补给站 d0c453e3e99a43069531073a300d129f.16，获得了 50 经验值
2016-07-31 16:16:37 INFO LootNearbyPokestop:60 - 获得了 1 个 ITEM_POTION
2016-07-31 16:16:37 INFO LootNearbyPokestop:60 - 获得了 1 个 ITEM_POKE_BALL
2016-07-31 16:16:37 INFO LootNearbyPokestop:60 - 获得了 1 个 ITEM_POKE_BALL
2016-07-31 16:16:37 INFO LootNearbyPokestop:60 - 获得了 1 个 ITEM_POKE_BALL
2016-07-31 16:16:37 INFO LootNearbyPokestop:74 - 移动到较远的补给站
2016-07-31 16:16:38 INFO CatchNearbyPokemon:99 - 抓住了一只 可达鸭 CP 28.89% IV 28.88888888888889
2016-07-31 16:16:38 INFO CatchNearbyPokemon:100 - 获得了[ 100 ]经验值[ 3 ]糖果[ 100 ]星辰
2016-07-31 16:16:40 INFO UpdateProfile:59 - 更新账号信息: 当前经验值 1859665 当前等级 29 经验值进度 209665/350000 (59.90 %) 至 下一等级 30
2016-07-31 16:16:40 INFO UpdateProfile:60 - Bot获得经验值 250 精灵 1 / 2 道具 10 / 0
2016-07-31 16:16:41 INFO GetMapRandomDirection:29 - 探索地图信息 (37.807371375706374, -122.4293916026557)
2016-07-31 16:16:42 INFO LootNearbyPokestop:74 - 移动到较远的补给站
2016-07-31 16:16:42 INFO CatchNearbyPokemon:57 - 检索到周边有可以抓的宝可梦 0 只
2016-07-31 16:16:42 INFO ReleasePokemon:48 - 正在放生宝可梦 可达鸭 原因 28.888888888888886 IV不达标
2016-07-31 16:16:43 INFO DropUselessItems:50 - 丢弃了 2 个 ITEM_POTION
2016-07-31 16:16:43 INFO ReleasePokemon:52 - 已放生宝可梦 可达鸭
2016-07-31 16:16:45 INFO UpdateProfile:59 - 更新账号信息: 当前经验值 1859665 当前等级 29 经验值进度 209665/350000 (59.90 %) 至 下一等级 30
2016-07-31 16:16:45 INFO UpdateProfile:60 - Bot获得经验值 250 精灵 1 / 3 道具 10 / 1
2016-07-31 16:16:45 INFO GetMapRandomDirection:29 - 探索地图信息 (37.80755932669937, -122.42888109964213)
2016-07-31 16:16:46 INFO LootNearbyPokestop:53 - 正在滑动补给站6939687907c84401bcdf4ffbded12abe.16
2016-07-31 16:16:46 INFO CatchNearbyPokemon:57 - 检索到周边有可以抓的宝可梦 1 只
2016-07-31 16:16:46 INFO CatchNearbyPokemon:65 - 野生的宝可梦 大嘴蝠 从草里跳出来!
2016-07-31 16:16:47 INFO LootNearbyPokestop:57 - 成功的摸了一把补给站 6939687907c84401bcdf4ffbded12abe.16，获得了 50 经验值
2016-07-31 16:16:47 INFO LootNearbyPokestop:60 - 获得了 1 个 ITEM_POTION
2016-07-31 16:16:47 INFO LootNearbyPokestop:60 - 获得了 1 个 ITEM_POKE_BALL
2016-07-31 16:16:47 INFO LootNearbyPokestop:60 - 获得了 1 个 ITEM_REVIVE
2016-07-31 16:16:47 INFO LootNearbyPokestop:74 - 移动到较远的补给站
2016-07-31 16:16:47 INFO CatchNearbyPokemon:70 - 遇到宝可梦 大嘴蝠 CP 578
2016-07-31 16:16:47 INFO CatchNearbyPokemon:92 - 去吧！精灵球！
2016-07-31 16:16:49 INFO CatchNearbyPokemon:99 - 抓住了一只 大嘴蝠 CP 73.33% IV 73.33333333333333
2016-07-31 16:16:49 INFO CatchNearbyPokemon:100 - 获得了[ 100 ]经验值[ 3 ]糖果[ 100 ]星辰
2016-07-31 16:16:51 INFO UpdateProfile:59 - 更新账号信息: 当前经验值 1859925 当前等级 29 经验值进度 209925/350000 (59.98 %) 至 下一等级 30
2016-07-31 16:16:51 INFO UpdateProfile:60 - Bot获得经验值 400 精灵 2 / 3 道具 13 / 1
2016-07-31 16:16:51 INFO GetMapRandomDirection:29 - 探索地图信息 (37.80785812236678, -122.4292404940232)
2016-07-31 16:16:52 INFO LootNearbyPokestop:53 - 正在滑动补给站e7f88c315d0f4614a075fa97b4341947.16
2016-07-31 16:16:52 INFO CatchNearbyPokemon:57 - 检索到周边有可以抓的宝可梦 0 只
2016-07-31 16:16:52 INFO ReleasePokemon:48 - 正在放生宝可梦 大嘴蝠 原因 73.33333333333333 IV不达标
2016-07-31 16:16:52 INFO LootNearbyPokestop:57 - 成功的摸了一把补给站 e7f88c315d0f4614a075fa97b4341947.16，获得了 50 经验值
2016-07-31 16:16:52 INFO LootNearbyPokestop:60 - 获得了 1 个 ITEM_POKE_BALL
2016-07-31 16:16:52 INFO LootNearbyPokestop:60 - 获得了 1 个 ITEM_POKE_BALL
2016-07-31 16:16:52 INFO LootNearbyPokestop:60 - 获得了 1 个 ITEM_RAZZ_BERRY
2016-07-31 16:16:52 INFO LootNearbyPokestop:60 - 获得了 1 个 ITEM_RAZZ_BERRY
2016-07-31 16:16:52 INFO LootNearbyPokestop:74 - 移动到较远的补给站
2016-07-31 16:16:54 INFO ReleasePokemon:52 - 已放生宝可梦 大嘴蝠
2016-07-31 16:16:54 INFO DropUselessItems:50 - 丢弃了 1 个 ITEM_REVIVE
2016-07-31 16:16:54 INFO DropUselessItems:50 - 丢弃了 1 个 ITEM_POTION
2016-07-31 16:16:56 INFO UpdateProfile:59 - 更新账号信息: 当前经验值 1859975 当前等级 29 经验值进度 209975/350000 (59.99 %) 至 下一等级 30
2016-07-31 16:16:56 INFO UpdateProfile:60 - Bot获得经验值 450 精灵 2 / 4 道具 17 / 3
2016-07-31 16:16:56 INFO GetMapRandomDirection:29 - 探索地图信息 (37.80752611811653, -122.42884438722771)
2016-07-31 16:16:57 INFO LootNearbyPokestop:74 - 移动到较远的补给站
2016-07-31 16:16:57 INFO CatchNearbyPokemon:57 - 检索到周边有可以抓的宝可梦 0 只
2016-07-31 16:16:59 INFO UpdateProfile:59 - 更新账号信息: 当前经验值 1859975 当前等级 29 经验值进度 209975/350000 (59.99 %) 至 下一等级 30
2016-07-31 16:16:59 INFO UpdateProfile:60 - Bot获得经验值 450 精灵 2 / 4 道具 17 / 3
2016-07-31 16:17:00 INFO GetMapRandomDirection:29 - 探索地图信息 (37.807238140330746, -122.42852263594361)
2016-07-31 16:17:00 INFO LootNearbyPokestop:53 - 正在滑动补给站78ba4d252924417f80b91ebd207d2cee.16
2016-07-31 16:17:01 INFO CatchNearbyPokemon:57 - 检索到周边有可以抓的宝可梦 0 只
2016-07-31 16:17:01 INFO LootNearbyPokestop:57 - 成功的摸了一把补给站 78ba4d252924417f80b91ebd207d2cee.16，获得了 50 经验值
2016-07-31 16:17:01 INFO LootNearbyPokestop:60 - 获得了 1 个 ITEM_POKE_BALL
2016-07-31 16:17:01 INFO LootNearbyPokestop:60 - 获得了 1 个 ITEM_POKE_BALL
2016-07-31 16:17:01 INFO LootNearbyPokestop:60 - 获得了 1 个 ITEM_REVIVE
2016-07-31 16:17:01 INFO LootNearbyPokestop:74 - 移动到较远的补给站
2016-07-31 16:17:03 INFO UpdateProfile:59 - 更新账号信息: 当前经验值 1859975 当前等级 29 经验值进度 209975/350000 (59.99 %) 至 下一等级 30
2016-07-31 16:17:03 INFO UpdateProfile:60 - Bot获得经验值 500 精灵 2 / 4 道具 20 / 3
2016-07-31 16:17:03 INFO GetMapRandomDirection:29 - 探索地图信息 (37.807522301099276, -122.42887851812996)
2016-07-31 16:17:04 INFO LootNearbyPokestop:74 - 移动到较远的补给站
2016-07-31 16:17:04 INFO CatchNearbyPokemon:57 - 检索到周边有可以抓的宝可梦 0 只
2016-07-31 16:17:06 INFO UpdateProfile:59 - 更新账号信息: 当前经验值 1859975 当前等级 29 经验值进度 209975/350000 (59.99 %) 至 下一等级 30
2016-07-31 16:17:06 INFO UpdateProfile:60 - Bot获得经验值 500 精灵 2 / 4 道具 20 / 3
2016-07-31 16:17:07 INFO GetMapRandomDirection:29 - 探索地图信息 (37.807194831691284, -122.42845193756018)
2016-07-31 16:17:07 INFO LootNearbyPokestop:74 - 移动到较远的补给站
2016-07-31 16:17:07 INFO CatchNearbyPokemon:57 - 检索到周边有可以抓的宝可梦 0 只
2016-07-31 16:17:09 INFO UpdateProfile:59 - 更新账号信息: 当前经验值 1859975 当前等级 29 经验值进度 209975/350000 (59.99 %) 至 下一等级 30
2016-07-31 16:17:09 INFO UpdateProfile:60 - Bot获得经验值 500 精灵 2 / 4 道具 20 / 3
2016-07-31 16:17:10 INFO GetMapRandomDirection:29 - 探索地图信息 (37.80750691728898, -122.42884120148265)
2016-07-31 16:17:10 INFO LootNearbyPokestop:74 - 移动到较远的补给站
2016-07-31 16:17:11 INFO CatchNearbyPokemon:57 - 检索到周边有可以抓的宝可梦 0 只
2016-07-31 16:17:13 INFO UpdateProfile:59 - 更新账号信息: 当前经验值 1859975 当前等级 29 经验值进度 209975/350000 (59.99 %) 至 下一等级 30
2016-07-31 16:17:13 INFO UpdateProfile:60 - Bot获得经验值 500 精灵 2 / 4 道具 20 / 3
2016-07-31 16:17:13 INFO GetMapRandomDirection:29 - 探索地图信息 (37.807237997221435, -122.42854144413134)
2016-07-31 16:17:14 INFO LootNearbyPokestop:74 - 移动到较远的补给站
2016-07-31 16:17:14 INFO CatchNearbyPokemon:57 - 检索到周边有可以抓的宝可梦 0 只
2016-07-31 16:17:16 INFO UpdateProfile:59 - 更新账号信息: 当前经验值 1859975 当前等级 29 经验值进度 209975/350000 (59.99 %) 至 下一等级 30
2016-07-31 16:17:16 INFO UpdateProfile:60 - Bot获得经验值 500 精灵 2 / 4 道具 20 / 3
2016-07-31 16:17:16 INFO GetMapRandomDirection:29 - 探索地图信息 (37.807492832830754, -122.42884436013054)
2016-07-31 16:17:17 INFO LootNearbyPokestop:74 - 移动到较远的补给站
2016-07-31 16:17:17 INFO CatchNearbyPokemon:57 - 检索到周边有可以抓的宝可梦 0 只
2016-07-31 16:17:19 INFO UpdateProfile:59 - 更新账号信息: 当前经验值 1859975 当前等级 29 经验值进度 209975/350000 (59.99 %) 至 下一等级 30
2016-07-31 16:17:19 INFO UpdateProfile:60 - Bot获得经验值 500 精灵 2 / 4 道具 20 / 3
2016-07-31 16:17:20 INFO GetMapRandomDirection:29 - 探索地图信息 (37.807256486843514, -122.42850797061814)
2016-07-31 16:17:20 INFO LootNearbyPokestop:74 - 移动到较远的补给站
2016-07-31 16:17:21 INFO CatchNearbyPokemon:57 - 检索到周边有可以抓的宝可梦 0 只
2016-07-31 16:17:22 INFO UpdateProfile:59 - 更新账号信息: 当前经验值 1859975 当前等级 29 经验值进度 209975/350000 (59.99 %) 至 下一等级 30
2016-07-31 16:17:22 INFO UpdateProfile:60 - Bot获得经验值 500 精灵 2 / 4 道具 20 / 3
2016-07-31 16:17:23 INFO GetMapRandomDirection:29 - 探索地图信息 (37.8075070836817, -122.42884225492209)
2016-07-31 16:17:24 INFO LootNearbyPokestop:74 - 移动到较远的补给站
2016-07-31 16:17:24 INFO CatchNearbyPokemon:57 - 检索到周边有可以抓的宝可梦 0 只
2016-07-31 16:17:26 INFO UpdateProfile:59 - 更新账号信息: 当前经验值 1859975 当前等级 29 经验值进度 209975/350000 (59.99 %) 至 下一等级 30
2016-07-31 16:17:26 INFO UpdateProfile:60 - Bot获得经验值 500 精灵 2 / 4 道具 20 / 3
2016-07-31 16:17:26 INFO GetMapRandomDirection:29 - 探索地图信息 (37.80719566195047, -122.42849827913412)
2016-07-31 16:17:27 INFO LootNearbyPokestop:74 - 移动到较远的补给站
2016-07-31 16:17:28 INFO CatchNearbyPokemon:57 - 检索到周边有可以抓的宝可梦 0 只
2016-07-31 16:17:29 INFO UpdateProfile:59 - 更新账号信息: 当前经验值 1859975 当前等级 29 经验值进度 209975/350000 (59.99 %) 至 下一等级 30
2016-07-31 16:17:29 INFO UpdateProfile:60 - Bot获得经验值 500 精灵 2 / 4 道具 20 / 3
2016-07-31 16:17:30 INFO GetMapRandomDirection:29 - 探索地图信息 (37.80750173263244, -122.42890376365861)
2016-07-31 16:17:31 INFO LootNearbyPokestop:74 - 移动到较远的补给站
2016-07-31 16:17:31 INFO CatchNearbyPokemon:57 - 检索到周边有可以抓的宝可梦 0 只
2016-07-31 16:17:33 INFO UpdateProfile:59 - 更新账号信息: 当前经验值 1859975 当前等级 29 经验值进度 209975/350000 (59.99 %) 至 下一等级 30
2016-07-31 16:17:33 INFO UpdateProfile:60 - Bot获得经验值 500 精灵 2 / 4 道具 20 / 3
2016-07-31 16:17:33 INFO GetMapRandomDirection:29 - 探索地图信息 (37.807344776437496, -122.42939386692981)
2016-07-31 16:17:34 INFO LootNearbyPokestop:74 - 移动到较远的补给站
2016-07-31 16:17:34 INFO CatchNearbyPokemon:57 - 检索到周边有可以抓的宝可梦 0 只
2016-07-31 16:17:36 INFO UpdateProfile:59 - 更新账号信息: 当前经验值 1859975 当前等级 29 经验值进度 209975/350000 (59.99 %) 至 下一等级 30
2016-07-31 16:17:36 INFO UpdateProfile:60 - Bot获得经验值 500 精灵 2 / 4 道具 20 / 3
2016-07-31 16:17:37 INFO GetMapRandomDirection:29 - 探索地图信息 (37.80754762094352, -122.4288705207511)
2016-07-31 16:17:37 INFO LootNearbyPokestop:74 - 移动到较远的补给站
2016-07-31 16:17:37 INFO CatchNearbyPokemon:57 - 检索到周边有可以抓的宝可梦 0 只
2016-07-31 16:17:39 INFO UpdateProfile:59 - 更新账号信息: 当前经验值 1859975 当前等级 29 经验值进度 209975/350000 (59.99 %) 至 下一等级 30
2016-07-31 16:17:39 INFO UpdateProfile:60 - Bot获得经验值 500 精灵 2 / 4 道具 20 / 3
2016-07-31 16:17:40 INFO GetMapRandomDirection:29 - 探索地图信息 (37.80786851437217, -122.42916732135895)
2016-07-31 16:17:40 INFO LootNearbyPokestop:74 - 移动到较远的补给站
2016-07-31 16:17:41 INFO CatchNearbyPokemon:57 - 检索到周边有可以抓的宝可梦 0 只
2016-07-31 16:17:43 INFO UpdateProfile:59 - 更新账号信息: 当前经验值 1859975 当前等级 29 经验值进度 209975/350000 (59.99 %) 至 下一等级 30
2016-07-31 16:17:43 INFO UpdateProfile:60 - Bot获得经验值 500 精灵 2 / 4 道具 20 / 3
2016-07-31 16:17:43 INFO GetMapRandomDirection:29 - 探索地图信息 (37.80751215290621, -122.42886733302412)
2016-07-31 16:17:44 INFO LootNearbyPokestop:74 - 移动到较远的补给站
2016-07-31 16:17:44 INFO CatchNearbyPokemon:57 - 检索到周边有可以抓的宝可梦 0 只
2016-07-31 16:17:46 INFO UpdateProfile:59 - 更新账号信息: 当前经验值 1859975 当前等级 29 经验值进度 209975/350000 (59.99 %) 至 下一等级 30
2016-07-31 16:17:46 INFO UpdateProfile:60 - Bot获得经验值 500 精灵 2 / 4 道具 20 / 3
2016-07-31 16:17:46 INFO GetMapRandomDirection:29 - 探索地图信息 (37.80723762925579, -122.42850995993908)
2016-07-31 16:17:47 INFO LootNearbyPokestop:74 - 移动到较远的补给站
2016-07-31 16:17:47 INFO CatchNearbyPokemon:57 - 检索到周边有可以抓的宝可梦 0 只
2016-07-31 16:17:49 INFO UpdateProfile:59 - 更新账号信息: 当前经验值 1859975 当前等级 29 经验值进度 209975/350000 (59.99 %) 至 下一等级 30
2016-07-31 16:17:49 INFO UpdateProfile:60 - Bot获得经验值 500 精灵 2 / 4 道具 20 / 3
2016-07-31 16:17:50 INFO GetMapRandomDirection:29 - 探索地图信息 (37.80749227113981, -122.428829236279)
2016-07-31 16:17:50 INFO LootNearbyPokestop:74 - 移动到较远的补给站
2016-07-31 16:17:51 INFO CatchNearbyPokemon:57 - 检索到周边有可以抓的宝可梦 0 只
2016-07-31 16:17:52 INFO UpdateProfile:59 - 更新账号信息: 当前经验值 1859975 当前等级 29 经验值进度 209975/350000 (59.99 %) 至 下一等级 30
2016-07-31 16:17:52 INFO UpdateProfile:60 - Bot获得经验值 500 精灵 2 / 4 道具 20 / 3
2016-07-31 16:17:53 INFO GetMapRandomDirection:29 - 探索地图信息 (37.807246961827936, -122.4284606103872)
2016-07-31 16:17:54 INFO LootNearbyPokestop:74 - 移动到较远的补给站
2016-07-31 16:17:54 INFO CatchNearbyPokemon:57 - 检索到周边有可以抓的宝可梦 0 只
2016-07-31 16:17:57 INFO PokemonGoBotMain:31 - 正在登录服务器...
2016-07-31 16:18:02 INFO PokemonGoBotMain:59 - 成功登录帐号 admin@yumao.name
2016-07-31 16:18:02 INFO PokemonGoBotMain:63 - 初始化空降坐标 (37.807297, -122.429535)
2016-07-31 16:18:02 INFO PokemonGoBot:40 - 正在获取账号信息...
2016-07-31 16:18:04 INFO PokemonGoBot:61 - 用户名称:itscaptainteemo
2016-07-31 16:18:04 INFO PokemonGoBot:62 - 战队信息:TEAM_VALOR
2016-07-31 16:18:04 INFO PokemonGoBot:63 - 口袋金币:0
2016-07-31 16:18:04 INFO PokemonGoBot:64 - 星尘数量:35301
2016-07-31 16:18:04 INFO PokemonGoBot:65 - 达成等级:29
2016-07-31 16:18:04 INFO PokemonGoBot:66 - 当前经验:1860025
2016-07-31 16:18:04 INFO PokemonGoBot:67 - 口袋银行:34/300
2016-07-31 16:18:04 INFO PokemonGoBot:68 - 道具包裹:14/500
2016-07-31 16:18:04 INFO PokemonGoBot:79 - 持有宝可梦:<NAME/CP/IV>
2016-07-31 16:18:04 INFO PokemonGoBot:82 - 名称:阿柏怪 / CP:1272 / IV:93.0%
2016-07-31 16:18:04 INFO PokemonGoBot:82 - 名称:风速狗 / CP:2547 / IV:98.0%
2016-07-31 16:18:04 INFO PokemonGoBot:82 - 名称:刺甲贝 / CP:1156 / IV:91.0%
2016-07-31 16:18:04 INFO PokemonGoBot:82 - 名称:快龙 / CP:1093 / IV:96.0%
2016-07-31 16:18:04 INFO PokemonGoBot:82 - 名称:伊布 / CP:235 / IV:91.0%
2016-07-31 16:18:04 INFO PokemonGoBot:82 - 名称:顽皮雷弹 / CP:1016 / IV:91.0%
2016-07-31 16:18:04 INFO PokemonGoBot:82 - 名称:椰蛋树 / CP:1803 / IV:96.0%
2016-07-31 16:18:04 INFO PokemonGoBot:82 - 名称:火伊布 / CP:2284 / IV:100.0%
2016-07-31 16:18:04 INFO PokemonGoBot:82 - 名称:隆隆岩 / CP:913 / IV:93.0%
2016-07-31 16:18:04 INFO PokemonGoBot:82 - 名称:暴鲤龙 / CP:1521 / IV:96.0%
2016-07-31 16:18:04 INFO PokemonGoBot:82 - 名称:鬼斯通 / CP:1169 / IV:93.0%
2016-07-31 16:18:04 INFO PokemonGoBot:82 - 名称:雷伊布 / CP:814 / IV:91.0%
2016-07-31 16:18:04 INFO PokemonGoBot:82 - 名称:迷唇姐 / CP:961 / IV:91.0%
2016-07-31 16:18:04 INFO PokemonGoBot:82 - 名称:巨钳蟹 / CP:799 / IV:96.0%
2016-07-31 16:18:04 INFO PokemonGoBot:82 - 名称:鸭嘴火兽 / CP:831 / IV:91.0%
2016-07-31 16:18:04 INFO PokemonGoBot:82 - 名称:嘎啦嘎啦 / CP:651 / IV:93.0%
2016-07-31 16:18:04 INFO PokemonGoBot:82 - 名称:多刺菊石兽 / CP:1000 / IV:91.0%
2016-07-31 16:18:04 INFO PokemonGoBot:82 - 名称:派拉斯特 / CP:885 / IV:91.0%
2016-07-31 16:18:04 INFO PokemonGoBot:82 - 名称:大比鸟 / CP:1763 / IV:91.0%
2016-07-31 16:18:04 INFO PokemonGoBot:82 - 名称:凯罗斯 / CP:538 / IV:96.0%
2016-07-31 16:18:04 INFO PokemonGoBot:82 - 名称:蚊香泳士 / CP:1417 / IV:91.0%
2016-07-31 16:18:04 INFO PokemonGoBot:82 - 名称:火暴猴 / CP:1059 / IV:98.0%
2016-07-31 16:18:04 INFO PokemonGoBot:82 - 名称:烈焰马 / CP:926 / IV:91.0%
2016-07-31 16:18:04 INFO PokemonGoBot:82 - 名称:穿山王 / CP:1025 / IV:96.0%
2016-07-31 16:18:04 INFO PokemonGoBot:82 - 名称:飞天螳螂 / CP:1168 / IV:93.0%
2016-07-31 16:18:04 INFO PokemonGoBot:82 - 名称:海刺龙 / CP:972 / IV:96.0%
2016-07-31 16:18:04 INFO PokemonGoBot:82 - 名称:金鱼王 / CP:1151 / IV:91.0%
2016-07-31 16:18:04 INFO PokemonGoBot:82 - 名称:呆壳兽 / CP:1469 / IV:91.0%
2016-07-31 16:18:04 INFO PokemonGoBot:82 - 名称:宝石海星 / CP:1116 / IV:98.0%
2016-07-31 16:18:04 INFO PokemonGoBot:82 - 名称:毒刺水母 / CP:1258 / IV:93.0%
2016-07-31 16:18:04 INFO PokemonGoBot:82 - 名称:水伊布 / CP:2422 / IV:98.0%
2016-07-31 16:18:04 INFO PokemonGoBot:82 - 名称:摩鲁蛾 / CP:531 / IV:91.0%
2016-07-31 16:18:04 INFO PokemonGoBot:82 - 名称:妙蛙花 / CP:1499 / IV:93.0%
2016-07-31 16:18:04 INFO PokemonGoBot:82 - 名称:大食花 / CP:1073 / IV:93.0%
2016-07-31 16:18:04 INFO PokemonGoBot:85 - 正在获取补给站信息...
2016-07-31 16:18:05 INFO PokemonGoBot:96 - 获取到周边 154 个补给站信息
2016-07-31 16:18:05 INFO PokemonGoBot:101 - 开始启动Bot线程...
2016-07-31 16:18:06 INFO UpdateProfile:59 - 更新账号信息: 当前经验值 1860025 当前等级 29 经验值进度 210025/350000 (60.01 %) 至 下一等级 30
2016-07-31 16:18:06 INFO UpdateProfile:60 - Bot获得经验值 0 捕捉精灵 0 放生精灵 0 获得道具 0 丢弃道具 0
2016-07-31 16:18:07 INFO GetMapRandomDirection:29 - 探索地图信息 (37.80726956159419, -122.42952150822548)
2016-07-31 16:18:07 INFO LootNearbyPokestop:74 - 移动到较远的补给站
2016-07-31 16:18:08 INFO CatchNearbyPokemon:57 - 检索到周边有可以抓的宝可梦 0 只
2016-07-31 16:18:09 INFO DropUselessItems:50 - 丢弃了 1 个 ITEM_REVIVE
2016-07-31 16:18:10 INFO UpdateProfile:59 - 更新账号信息: 当前经验值 1860025 当前等级 29 经验值进度 210025/350000 (60.01 %) 至 下一等级 30
2016-07-31 16:18:10 INFO UpdateProfile:60 - Bot获得经验值 0 捕捉精灵 0 放生精灵 0 获得道具 0 丢弃道具 1
2016-07-31 16:18:11 INFO GetMapRandomDirection:29 - 探索地图信息 (37.80753317707175, -122.42887935852812)
2016-07-31 16:18:11 INFO LootNearbyPokestop:74 - 移动到较远的补给站
2016-07-31 16:18:11 INFO CatchNearbyPokemon:57 - 检索到周边有可以抓的宝可梦 0 只
2016-07-31 16:18:13 INFO UpdateProfile:59 - 更新账号信息: 当前经验值 1860025 当前等级 29 经验值进度 210025/350000 (60.01 %) 至 下一等级 30
2016-07-31 16:18:13 INFO UpdateProfile:60 - Bot获得经验值 0 捕捉精灵 0 放生精灵 0 获得道具 0 丢弃道具 1
2016-07-31 16:18:14 INFO GetMapRandomDirection:29 - 探索地图信息 (37.807912032024674, -122.42921852601334)
2016-07-31 16:18:14 INFO LootNearbyPokestop:74 - 移动到较远的补给站
2016-07-31 16:18:14 INFO CatchNearbyPokemon:57 - 检索到周边有可以抓的宝可梦 0 只
2016-07-31 16:18:17 INFO UpdateProfile:59 - 更新账号信息: 当前经验值 1860025 当前等级 29 经验值进度 210025/350000 (60.01 %) 至 下一等级 30
2016-07-31 16:18:17 INFO UpdateProfile:60 - Bot获得经验值 0 捕捉精灵 0 放生精灵 0 获得道具 0 丢弃道具 1
2016-07-31 16:18:17 INFO GetMapRandomDirection:29 - 探索地图信息 (37.80746681595745, -122.42889193318635)
2016-07-31 16:18:18 INFO LootNearbyPokestop:74 - 移动到较远的补给站
2016-07-31 16:18:18 INFO CatchNearbyPokemon:57 - 检索到周边有可以抓的宝可梦 0 只
2016-07-31 16:18:20 INFO UpdateProfile:59 - 更新账号信息: 当前经验值 1860025 当前等级 29 经验值进度 210025/350000 (60.01 %) 至 下一等级 30
2016-07-31 16:18:20 INFO UpdateProfile:60 - Bot获得经验值 0 捕捉精灵 0 放生精灵 0 获得道具 0 丢弃道具 1
2016-07-31 16:18:20 INFO GetMapRandomDirection:29 - 探索地图信息 (37.80719458807557, -122.42844896152629)
2016-07-31 16:18:21 INFO LootNearbyPokestop:74 - 移动到较远的补给站
2016-07-31 16:18:21 INFO CatchNearbyPokemon:57 - 检索到周边有可以抓的宝可梦 0 只
2016-07-31 16:18:23 INFO UpdateProfile:59 - 更新账号信息: 当前经验值 1860025 当前等级 29 经验值进度 210025/350000 (60.01 %) 至 下一等级 30
2016-07-31 16:18:23 INFO UpdateProfile:60 - Bot获得经验值 0 捕捉精灵 0 放生精灵 0 获得道具 0 丢弃道具 1
2016-07-31 16:18:24 INFO GetMapRandomDirection:29 - 探索地图信息 (37.80753427283661, -122.42881573969632)
2016-07-31 16:18:24 INFO LootNearbyPokestop:74 - 移动到较远的补给站
2016-07-31 16:18:24 INFO CatchNearbyPokemon:57 - 检索到周边有可以抓的宝可梦 0 只
2016-07-31 16:18:26 INFO UpdateProfile:59 - 更新账号信息: 当前经验值 1860025 当前等级 29 经验值进度 210025/350000 (60.01 %) 至 下一等级 30
2016-07-31 16:18:26 INFO UpdateProfile:60 - Bot获得经验值 0 捕捉精灵 0 放生精灵 0 获得道具 0 丢弃道具 1
2016-07-31 16:18:27 INFO GetMapRandomDirection:29 - 探索地图信息 (37.80717858649448, -122.42854142573742)
2016-07-31 16:18:28 INFO LootNearbyPokestop:74 - 移动到较远的补给站
2016-07-31 16:18:28 INFO CatchNearbyPokemon:57 - 检索到周边有可以抓的宝可梦 0 只
2016-07-31 16:18:30 INFO UpdateProfile:59 - 更新账号信息: 当前经验值 1860025 当前等级 29 经验值进度 210025/350000 (60.01 %) 至 下一等级 30
2016-07-31 16:18:30 INFO UpdateProfile:60 - Bot获得经验值 0 捕捉精灵 0 放生精灵 0 获得道具 0 丢弃道具 1
2016-07-31 16:18:30 INFO GetMapRandomDirection:29 - 探索地图信息 (37.807549403897355, -122.42883285822431)
2016-07-31 16:18:31 INFO LootNearbyPokestop:74 - 移动到较远的补给站
2016-07-31 16:18:31 INFO CatchNearbyPokemon:57 - 检索到周边有可以抓的宝可梦 0 只
2016-07-31 16:18:33 INFO UpdateProfile:59 - 更新账号信息: 当前经验值 1860025 当前等级 29 经验值进度 210025/350000 (60.01 %) 至 下一等级 30
2016-07-31 16:18:33 INFO UpdateProfile:60 - Bot获得经验值 0 捕捉精灵 0 放生精灵 0 获得道具 0 丢弃道具 1
2016-07-31 16:18:34 INFO GetMapRandomDirection:29 - 探索地图信息 (37.807251193079026, -122.4284981781914)
2016-07-31 16:18:34 INFO LootNearbyPokestop:74 - 移动到较远的补给站
2016-07-31 16:18:34 INFO CatchNearbyPokemon:57 - 检索到周边有可以抓的宝可梦 0 只
2016-07-31 16:18:36 INFO UpdateProfile:59 - 更新账号信息: 当前经验值 1860025 当前等级 29 经验值进度 210025/350000 (60.01 %) 至 下一等级 30
2016-07-31 16:18:36 INFO UpdateProfile:60 - Bot获得经验值 0 捕捉精灵 0 放生精灵 0 获得道具 0 丢弃道具 1
2016-07-31 16:18:37 INFO GetMapRandomDirection:29 - 探索地图信息 (37.807469746128035, -122.42889044546018)
2016-07-31 16:18:38 INFO LootNearbyPokestop:74 - 移动到较远的补给站
2016-07-31 16:18:38 INFO CatchNearbyPokemon:57 - 检索到周边有可以抓的宝可梦 0 只
2016-07-31 16:18:40 INFO UpdateProfile:59 - 更新账号信息: 当前经验值 1860025 当前等级 29 经验值进度 210025/350000 (60.01 %) 至 下一等级 30
2016-07-31 16:18:40 INFO UpdateProfile:60 - Bot获得经验值 0 捕捉精灵 0 放生精灵 0 获得道具 0 丢弃道具 1
2016-07-31 16:18:40 INFO GetMapRandomDirection:29 - 探索地图信息 (37.80722217867661, -122.4285370735475)
2016-07-31 16:18:41 INFO LootNearbyPokestop:74 - 移动到较远的补给站
2016-07-31 16:18:41 INFO CatchNearbyPokemon:57 - 检索到周边有可以抓的宝可梦 0 只
2016-07-31 16:18:43 INFO UpdateProfile:59 - 更新账号信息: 当前经验值 1860025 当前等级 29 经验值进度 210025/350000 (60.01 %) 至 下一等级 30
2016-07-31 16:18:43 INFO UpdateProfile:60 - Bot获得经验值 0 捕捉精灵 0 放生精灵 0 获得道具 0 丢弃道具 1
2016-07-31 16:18:44 INFO GetMapRandomDirection:29 - 探索地图信息 (37.80748277952809, -122.42884320763172)
2016-07-31 16:18:44 INFO LootNearbyPokestop:74 - 移动到较远的补给站
2016-07-31 16:18:44 INFO CatchNearbyPokemon:57 - 检索到周边有可以抓的宝可梦 0 只
2016-07-31 16:18:46 INFO UpdateProfile:59 - 更新账号信息: 当前经验值 1860025 当前等级 29 经验值进度 210025/350000 (60.01 %) 至 下一等级 30
2016-07-31 16:18:46 INFO UpdateProfile:60 - Bot获得经验值 0 捕捉精灵 0 放生精灵 0 获得道具 0 丢弃道具 1
2016-07-31 16:18:47 INFO GetMapRandomDirection:29 - 探索地图信息 (37.80718705193026, -122.42853102859291)
2016-07-31 16:18:47 INFO LootNearbyPokestop:74 - 移动到较远的补给站
2016-07-31 16:18:48 INFO CatchNearbyPokemon:57 - 检索到周边有可以抓的宝可梦 1 只
2016-07-31 16:18:48 INFO CatchNearbyPokemon:65 - 野生的宝可梦 喵喵 从草里跳出来!
2016-07-31 16:18:48 INFO CatchNearbyPokemon:70 - 遇到宝可梦 喵喵 CP 506
2016-07-31 16:18:49 INFO CatchNearbyPokemon:92 - 去吧！精灵球！
2016-07-31 16:18:53 INFO CatchNearbyPokemon:99 - 抓住了一只 喵喵 CP 66.67% IV 66.66666666666667
2016-07-31 16:18:53 INFO CatchNearbyPokemon:100 - 获得了 100 经验值 3 糖果 100 星辰
2016-07-31 16:18:55 INFO UpdateProfile:59 - 更新账号信息: 当前经验值 1860235 当前等级 29 经验值进度 210235/350000 (60.07 %) 至 下一等级 30
2016-07-31 16:18:55 INFO UpdateProfile:60 - Bot获得经验值 100 捕捉精灵 1 放生精灵 0 获得道具 0 丢弃道具 1
2016-07-31 16:18:56 INFO GetMapRandomDirection:29 - 探索地图信息 (37.80737165266222, -122.42924026667542)
2016-07-31 16:18:56 INFO LootNearbyPokestop:74 - 移动到较远的补给站
2016-07-31 16:18:56 INFO CatchNearbyPokemon:57 - 检索到周边有可以抓的宝可梦 0 只
2016-07-31 16:18:57 INFO ReleasePokemon:48 - 正在放生宝可梦 喵喵 原因 66.66666666666666 IV不达标
2016-07-31 16:18:58 INFO ReleasePokemon:52 - 已放生宝可梦 喵喵
2016-07-31 16:18:59 INFO UpdateProfile:59 - 更新账号信息: 当前经验值 1860235 当前等级 29 经验值进度 210235/350000 (60.07 %) 至 下一等级 30
2016-07-31 16:18:59 INFO UpdateProfile:60 - Bot获得经验值 100 捕捉精灵 1 放生精灵 1 获得道具 0 丢弃道具 1
2016-07-31 16:19:00 INFO GetMapRandomDirection:29 - 探索地图信息 (37.80747184877912, -122.42887000393881)
2016-07-31 16:19:00 INFO LootNearbyPokestop:74 - 移动到较远的补给站
2016-07-31 16:19:01 INFO CatchNearbyPokemon:57 - 检索到周边有可以抓的宝可梦 0 只
2016-07-31 16:19:02 INFO UpdateProfile:59 - 更新账号信息: 当前经验值 1860235 当前等级 29 经验值进度 210235/350000 (60.07 %) 至 下一等级 30
2016-07-31 16:19:02 INFO UpdateProfile:60 - Bot获得经验值 100 捕捉精灵 1 放生精灵 1 获得道具 0 丢弃道具 1
2016-07-31 16:19:03 INFO GetMapRandomDirection:29 - 探索地图信息 (37.80722164057752, -122.42844435670143)
2016-07-31 16:19:04 INFO LootNearbyPokestop:74 - 移动到较远的补给站
2016-07-31 16:19:04 INFO CatchNearbyPokemon:57 - 检索到周边有可以抓的宝可梦 0 只
2016-07-31 16:19:06 INFO UpdateProfile:59 - 更新账号信息: 当前经验值 1860235 当前等级 29 经验值进度 210235/350000 (60.07 %) 至 下一等级 30
2016-07-31 16:19:06 INFO UpdateProfile:60 - Bot获得经验值 100 捕捉精灵 1 放生精灵 1 获得道具 0 丢弃道具 1
2016-07-31 16:19:07 INFO GetMapRandomDirection:29 - 探索地图信息 (37.807510349677585, -122.42886205737766)
2016-07-31 16:19:07 INFO LootNearbyPokestop:74 - 移动到较远的补给站
2016-07-31 16:19:07 INFO CatchNearbyPokemon:57 - 检索到周边有可以抓的宝可梦 0 只
2016-07-31 16:19:09 INFO UpdateProfile:59 - 更新账号信息: 当前经验值 1860235 当前等级 29 经验值进度 210235/350000 (60.07 %) 至 下一等级 30
2016-07-31 16:19:09 INFO UpdateProfile:60 - Bot获得经验值 100 捕捉精灵 1 放生精灵 1 获得道具 0 丢弃道具 1
2016-07-31 16:19:10 INFO GetMapRandomDirection:29 - 探索地图信息 (37.80724025931073, -122.42845591656848)
2016-07-31 16:19:11 INFO LootNearbyPokestop:74 - 移动到较远的补给站
2016-07-31 16:19:11 INFO CatchNearbyPokemon:57 - 检索到周边有可以抓的宝可梦 0 只
2016-07-31 16:19:13 INFO UpdateProfile:59 - 更新账号信息: 当前经验值 1860235 当前等级 29 经验值进度 210235/350000 (60.07 %) 至 下一等级 30
2016-07-31 16:19:13 INFO UpdateProfile:60 - Bot获得经验值 100 捕捉精灵 1 放生精灵 1 获得道具 0 丢弃道具 1
2016-07-31 16:19:13 INFO GetMapRandomDirection:29 - 探索地图信息 (37.80746211245314, -122.42886557843646)
2016-07-31 16:19:14 INFO LootNearbyPokestop:74 - 移动到较远的补给站
2016-07-31 16:19:14 INFO CatchNearbyPokemon:57 - 检索到周边有可以抓的宝可梦 0 只
2016-07-31 16:19:16 INFO UpdateProfile:59 - 更新账号信息: 当前经验值 1860235 当前等级 29 经验值进度 210235/350000 (60.07 %) 至 下一等级 30
2016-07-31 16:19:16 INFO UpdateProfile:60 - Bot获得经验值 100 捕捉精灵 1 放生精灵 1 获得道具 0 丢弃道具 1
2016-07-31 16:19:17 INFO GetMapRandomDirection:29 - 探索地图信息 (37.80721097063658, -122.42850807130701)
2016-07-31 16:19:17 INFO CatchNearbyPokemon:57 - 检索到周边有可以抓的宝可梦 0 只
2016-07-31 16:19:17 INFO LootNearbyPokestop:74 - 移动到较远的补给站
2016-07-31 16:19:19 INFO UpdateProfile:59 - 更新账号信息: 当前经验值 1860235 当前等级 29 经验值进度 210235/350000 (60.07 %) 至 下一等级 30
2016-07-31 16:19:19 INFO UpdateProfile:60 - Bot获得经验值 100 捕捉精灵 1 放生精灵 1 获得道具 0 丢弃道具 1
2016-07-31 16:19:20 INFO GetMapRandomDirection:29 - 探索地图信息 (37.80755247784336, -122.42883346442254)
2016-07-31 16:19:20 INFO LootNearbyPokestop:74 - 移动到较远的补给站
2016-07-31 16:19:21 INFO CatchNearbyPokemon:57 - 检索到周边有可以抓的宝可梦 0 只
2016-07-31 16:19:23 INFO UpdateProfile:59 - 更新账号信息: 当前经验值 1860235 当前等级 29 经验值进度 210235/350000 (60.07 %) 至 下一等级 30
2016-07-31 16:19:23 INFO UpdateProfile:60 - Bot获得经验值 100 捕捉精灵 1 放生精灵 1 获得道具 0 丢弃道具 1
2016-07-31 16:19:23 INFO GetMapRandomDirection:29 - 探索地图信息 (37.80725767674645, -122.42850511249902)
2016-07-31 16:19:24 INFO LootNearbyPokestop:74 - 移动到较远的补给站
2016-07-31 16:19:24 INFO CatchNearbyPokemon:57 - 检索到周边有可以抓的宝可梦 0 只
2016-07-31 16:19:26 INFO UpdateProfile:59 - 更新账号信息: 当前经验值 1860235 当前等级 29 经验值进度 210235/350000 (60.07 %) 至 下一等级 30
2016-07-31 16:19:26 INFO UpdateProfile:60 - Bot获得经验值 100 捕捉精灵 1 放生精灵 1 获得道具 0 丢弃道具 1
2016-07-31 16:19:27 INFO GetMapRandomDirection:29 - 探索地图信息 (37.80753363680052, -122.42885596249103)
2016-07-31 16:24:09 INFO PokemonGoBotMain:31 - 正在登录服务器...
2016-07-31 16:24:14 INFO PokemonGoBotMain:59 - 成功登录帐号 admin@yumao.name
2016-07-31 16:24:14 INFO PokemonGoBotMain:63 - 初始化空降坐标 (37.807297, -122.429535)
2016-07-31 16:24:14 INFO PokemonGoBot:40 - 正在获取账号信息...
2016-07-31 16:24:15 INFO PokemonGoBot:61 - 用户名称:itscaptainteemo
2016-07-31 16:24:15 INFO PokemonGoBot:62 - 战队信息:TEAM_VALOR
2016-07-31 16:24:15 INFO PokemonGoBot:63 - 口袋金币:0
2016-07-31 16:24:15 INFO PokemonGoBot:64 - 星尘数量:35401
2016-07-31 16:24:15 INFO PokemonGoBot:65 - 达成等级:29
2016-07-31 16:24:15 INFO PokemonGoBot:66 - 当前经验:1860235
2016-07-31 16:24:15 INFO PokemonGoBot:67 - 口袋银行:34/300
2016-07-31 16:24:15 INFO PokemonGoBot:68 - 道具包裹:14/500
2016-07-31 16:24:15 INFO PokemonGoBot:79 - 持有宝可梦:<NAME/CP/IV>
2016-07-31 16:24:15 INFO PokemonGoBot:82 - 名称:阿柏怪 / CP:1272 / IV:93.0%
2016-07-31 16:24:15 INFO PokemonGoBot:82 - 名称:风速狗 / CP:2547 / IV:98.0%
2016-07-31 16:24:15 INFO PokemonGoBot:82 - 名称:刺甲贝 / CP:1156 / IV:91.0%
2016-07-31 16:24:15 INFO PokemonGoBot:82 - 名称:快龙 / CP:1093 / IV:96.0%
2016-07-31 16:24:15 INFO PokemonGoBot:82 - 名称:伊布 / CP:235 / IV:91.0%
2016-07-31 16:24:15 INFO PokemonGoBot:82 - 名称:顽皮雷弹 / CP:1016 / IV:91.0%
2016-07-31 16:24:15 INFO PokemonGoBot:82 - 名称:椰蛋树 / CP:1803 / IV:96.0%
2016-07-31 16:24:15 INFO PokemonGoBot:82 - 名称:火伊布 / CP:2284 / IV:100.0%
2016-07-31 16:24:15 INFO PokemonGoBot:82 - 名称:隆隆岩 / CP:913 / IV:93.0%
2016-07-31 16:24:15 INFO PokemonGoBot:82 - 名称:暴鲤龙 / CP:1521 / IV:96.0%
2016-07-31 16:24:15 INFO PokemonGoBot:82 - 名称:鬼斯通 / CP:1169 / IV:93.0%
2016-07-31 16:24:15 INFO PokemonGoBot:82 - 名称:雷伊布 / CP:814 / IV:91.0%
2016-07-31 16:24:15 INFO PokemonGoBot:82 - 名称:迷唇姐 / CP:961 / IV:91.0%
2016-07-31 16:24:15 INFO PokemonGoBot:82 - 名称:巨钳蟹 / CP:799 / IV:96.0%
2016-07-31 16:24:15 INFO PokemonGoBot:82 - 名称:鸭嘴火兽 / CP:831 / IV:91.0%
2016-07-31 16:24:15 INFO PokemonGoBot:82 - 名称:嘎啦嘎啦 / CP:651 / IV:93.0%
2016-07-31 16:24:15 INFO PokemonGoBot:82 - 名称:多刺菊石兽 / CP:1000 / IV:91.0%
2016-07-31 16:24:15 INFO PokemonGoBot:82 - 名称:派拉斯特 / CP:885 / IV:91.0%
2016-07-31 16:24:15 INFO PokemonGoBot:82 - 名称:大比鸟 / CP:1763 / IV:91.0%
2016-07-31 16:24:15 INFO PokemonGoBot:82 - 名称:凯罗斯 / CP:538 / IV:96.0%
2016-07-31 16:24:15 INFO PokemonGoBot:82 - 名称:蚊香泳士 / CP:1417 / IV:91.0%
2016-07-31 16:24:15 INFO PokemonGoBot:82 - 名称:火暴猴 / CP:1059 / IV:98.0%
2016-07-31 16:24:15 INFO PokemonGoBot:82 - 名称:烈焰马 / CP:926 / IV:91.0%
2016-07-31 16:24:15 INFO PokemonGoBot:82 - 名称:穿山王 / CP:1025 / IV:96.0%
2016-07-31 16:24:15 INFO PokemonGoBot:82 - 名称:飞天螳螂 / CP:1168 / IV:93.0%
2016-07-31 16:24:15 INFO PokemonGoBot:82 - 名称:海刺龙 / CP:972 / IV:96.0%
2016-07-31 16:24:15 INFO PokemonGoBot:82 - 名称:金鱼王 / CP:1151 / IV:91.0%
2016-07-31 16:24:15 INFO PokemonGoBot:82 - 名称:呆壳兽 / CP:1469 / IV:91.0%
2016-07-31 16:24:15 INFO PokemonGoBot:82 - 名称:宝石海星 / CP:1116 / IV:98.0%
2016-07-31 16:24:15 INFO PokemonGoBot:82 - 名称:毒刺水母 / CP:1258 / IV:93.0%
2016-07-31 16:24:15 INFO PokemonGoBot:82 - 名称:水伊布 / CP:2422 / IV:98.0%
2016-07-31 16:24:15 INFO PokemonGoBot:82 - 名称:摩鲁蛾 / CP:531 / IV:91.0%
2016-07-31 16:24:15 INFO PokemonGoBot:82 - 名称:妙蛙花 / CP:1499 / IV:93.0%
2016-07-31 16:24:15 INFO PokemonGoBot:82 - 名称:大食花 / CP:1073 / IV:93.0%
2016-07-31 16:24:15 INFO PokemonGoBot:85 - 正在获取补给站信息...
2016-07-31 16:24:16 INFO PokemonGoBot:96 - 获取到周边 154 个补给站信息
2016-07-31 16:24:16 INFO PokemonGoBot:101 - 开始启动Bot线程...
2016-07-31 16:24:17 INFO LootNearbyPokestop:53 - 正在滑动补给站5819fdfacc624ccc89448526084fa4fe.16
2016-07-31 16:24:17 INFO GetMapRandomDirection:29 - 探索地图信息 (37.807259826562856, -122.42952142220716)
2016-07-31 16:24:17 INFO LootNearbyPokestop:57 - 成功的摸了一把补给站 5819fdfacc624ccc89448526084fa4fe.16，获得了 50 经验值
2016-07-31 16:24:17 INFO LootNearbyPokestop:60 - 获得了 1 个 ITEM_POKE_BALL
2016-07-31 16:24:17 INFO LootNearbyPokestop:60 - 获得了 1 个 ITEM_POKE_BALL
2016-07-31 16:24:17 INFO LootNearbyPokestop:60 - 获得了 1 个 ITEM_POKE_BALL
2016-07-31 16:24:17 INFO LootNearbyPokestop:74 - 移动到较远的补给站
2016-07-31 16:24:17 INFO CatchNearbyPokemon:57 - 检索到周边有可以抓的宝可梦 0 只
2016-07-31 16:24:18 INFO UpdateProfile:61 - 更新账号信息: 当前经验值 1860235 当前等级 29 经验值进度 210235/350000 (60.07 %) 至 下一等级 30
2016-07-31 16:24:18 INFO UpdateProfile:62 - Bot获得经验值 50 捕捉精灵 0 放生精灵 0 获得道具 3 丢弃道具 0
2016-07-31 16:25:12 INFO PokemonGoBotMain:31 - 正在登录服务器...
2016-07-31 16:25:18 INFO PokemonGoBotMain:59 - 成功登录帐号 admin@yumao.name
2016-07-31 16:25:18 INFO PokemonGoBotMain:63 - 初始化空降坐标 (37.807297, -122.429535)
2016-07-31 16:25:18 INFO PokemonGoBot:40 - 正在获取账号信息...
2016-07-31 16:25:19 INFO PokemonGoBot:61 - 用户名称:itscaptainteemo
2016-07-31 16:25:19 INFO PokemonGoBot:62 - 战队信息:TEAM_VALOR
2016-07-31 16:25:19 INFO PokemonGoBot:63 - 口袋金币:0
2016-07-31 16:25:19 INFO PokemonGoBot:64 - 星尘数量:35401
2016-07-31 16:25:19 INFO PokemonGoBot:65 - 达成等级:29
2016-07-31 16:25:19 INFO PokemonGoBot:66 - 当前经验:1860285
2016-07-31 16:25:19 INFO PokemonGoBot:67 - 口袋银行:34/300
2016-07-31 16:25:19 INFO PokemonGoBot:68 - 道具包裹:14/500
2016-07-31 16:25:19 INFO PokemonGoBot:79 - 持有宝可梦:<NAME/CP/IV>
2016-07-31 16:25:19 INFO PokemonGoBot:82 - 名称:阿柏怪 / CP:1272 / IV:93.0%
2016-07-31 16:25:19 INFO PokemonGoBot:82 - 名称:风速狗 / CP:2547 / IV:98.0%
2016-07-31 16:25:19 INFO PokemonGoBot:82 - 名称:刺甲贝 / CP:1156 / IV:91.0%
2016-07-31 16:25:19 INFO PokemonGoBot:82 - 名称:快龙 / CP:1093 / IV:96.0%
2016-07-31 16:25:19 INFO PokemonGoBot:82 - 名称:伊布 / CP:235 / IV:91.0%
2016-07-31 16:25:19 INFO PokemonGoBot:82 - 名称:顽皮雷弹 / CP:1016 / IV:91.0%
2016-07-31 16:25:19 INFO PokemonGoBot:82 - 名称:椰蛋树 / CP:1803 / IV:96.0%
2016-07-31 16:25:19 INFO PokemonGoBot:82 - 名称:火伊布 / CP:2284 / IV:100.0%
2016-07-31 16:25:19 INFO PokemonGoBot:82 - 名称:隆隆岩 / CP:913 / IV:93.0%
2016-07-31 16:25:19 INFO PokemonGoBot:82 - 名称:暴鲤龙 / CP:1521 / IV:96.0%
2016-07-31 16:25:19 INFO PokemonGoBot:82 - 名称:鬼斯通 / CP:1169 / IV:93.0%
2016-07-31 16:25:19 INFO PokemonGoBot:82 - 名称:雷伊布 / CP:814 / IV:91.0%
2016-07-31 16:25:19 INFO PokemonGoBot:82 - 名称:迷唇姐 / CP:961 / IV:91.0%
2016-07-31 16:25:19 INFO PokemonGoBot:82 - 名称:巨钳蟹 / CP:799 / IV:96.0%
2016-07-31 16:25:19 INFO PokemonGoBot:82 - 名称:鸭嘴火兽 / CP:831 / IV:91.0%
2016-07-31 16:25:19 INFO PokemonGoBot:82 - 名称:嘎啦嘎啦 / CP:651 / IV:93.0%
2016-07-31 16:25:19 INFO PokemonGoBot:82 - 名称:多刺菊石兽 / CP:1000 / IV:91.0%
2016-07-31 16:25:19 INFO PokemonGoBot:82 - 名称:派拉斯特 / CP:885 / IV:91.0%
2016-07-31 16:25:19 INFO PokemonGoBot:82 - 名称:大比鸟 / CP:1763 / IV:91.0%
2016-07-31 16:25:19 INFO PokemonGoBot:82 - 名称:凯罗斯 / CP:538 / IV:96.0%
2016-07-31 16:25:19 INFO PokemonGoBot:82 - 名称:蚊香泳士 / CP:1417 / IV:91.0%
2016-07-31 16:25:19 INFO PokemonGoBot:82 - 名称:火暴猴 / CP:1059 / IV:98.0%
2016-07-31 16:25:19 INFO PokemonGoBot:82 - 名称:烈焰马 / CP:926 / IV:91.0%
2016-07-31 16:25:19 INFO PokemonGoBot:82 - 名称:穿山王 / CP:1025 / IV:96.0%
2016-07-31 16:25:19 INFO PokemonGoBot:82 - 名称:飞天螳螂 / CP:1168 / IV:93.0%
2016-07-31 16:25:19 INFO PokemonGoBot:82 - 名称:海刺龙 / CP:972 / IV:96.0%
2016-07-31 16:25:19 INFO PokemonGoBot:82 - 名称:金鱼王 / CP:1151 / IV:91.0%
2016-07-31 16:25:19 INFO PokemonGoBot:82 - 名称:呆壳兽 / CP:1469 / IV:91.0%
2016-07-31 16:25:19 INFO PokemonGoBot:82 - 名称:宝石海星 / CP:1116 / IV:98.0%
2016-07-31 16:25:19 INFO PokemonGoBot:82 - 名称:毒刺水母 / CP:1258 / IV:93.0%
2016-07-31 16:25:19 INFO PokemonGoBot:82 - 名称:水伊布 / CP:2422 / IV:98.0%
2016-07-31 16:25:19 INFO PokemonGoBot:82 - 名称:摩鲁蛾 / CP:531 / IV:91.0%
2016-07-31 16:25:19 INFO PokemonGoBot:82 - 名称:妙蛙花 / CP:1499 / IV:93.0%
2016-07-31 16:25:19 INFO PokemonGoBot:82 - 名称:大食花 / CP:1073 / IV:93.0%
2016-07-31 16:25:19 INFO PokemonGoBot:85 - 正在获取补给站信息...
2016-07-31 16:25:21 INFO PokemonGoBot:96 - 获取到周边 154 个补给站信息
2016-07-31 16:25:21 INFO PokemonGoBot:101 - 开始启动Bot线程...
2016-07-31 16:25:21 INFO LootNearbyPokestop:74 - 移动到较远的补给站
2016-07-31 16:25:21 INFO GetMapRandomDirection:29 - 探索地图信息 (37.80729104649072, -122.42953044260273)
2016-07-31 16:25:22 INFO CatchNearbyPokemon:57 - 检索到周边有可以抓的宝可梦 0 只
2016-07-31 16:25:22 INFO UpdateProfile:61 - 更新账号信息: 当前经验值 1860285 当前等级 29 经验值进度 210285/350000 (60.08 %) 至 下一等级 30
2016-07-31 16:25:22 INFO UpdateProfile:62 - Bot获得经验值 0 捕捉精灵 0 放生精灵 0 获得道具 0 丢弃道具 0
2016-07-31 16:25:37 INFO PokemonGoBotMain:31 - 正在登录服务器...
2016-07-31 16:25:47 INFO PokemonGoBotMain:59 - 成功登录帐号 admin@yumao.name
2016-07-31 16:25:48 INFO PokemonGoBotMain:63 - 初始化空降坐标 (37.807297, -122.429535)
2016-07-31 16:25:48 INFO PokemonGoBot:40 - 正在获取账号信息...
2016-07-31 16:25:49 INFO PokemonGoBot:61 - 用户名称:itscaptainteemo
2016-07-31 16:25:49 INFO PokemonGoBot:62 - 战队信息:TEAM_VALOR
2016-07-31 16:25:49 INFO PokemonGoBot:63 - 口袋金币:0
2016-07-31 16:25:49 INFO PokemonGoBot:64 - 星尘数量:35401
2016-07-31 16:25:49 INFO PokemonGoBot:65 - 达成等级:29
2016-07-31 16:25:49 INFO PokemonGoBot:66 - 当前经验:1860285
2016-07-31 16:25:49 INFO PokemonGoBot:67 - 口袋银行:34/300
2016-07-31 16:25:49 INFO PokemonGoBot:68 - 道具包裹:14/500
2016-07-31 16:25:49 INFO PokemonGoBot:79 - 持有宝可梦:<NAME/CP/IV>
2016-07-31 16:25:49 INFO PokemonGoBot:82 - 名称:阿柏怪 / CP:1272 / IV:93.0%
2016-07-31 16:25:49 INFO PokemonGoBot:82 - 名称:风速狗 / CP:2547 / IV:98.0%
2016-07-31 16:25:49 INFO PokemonGoBot:82 - 名称:刺甲贝 / CP:1156 / IV:91.0%
2016-07-31 16:25:49 INFO PokemonGoBot:82 - 名称:快龙 / CP:1093 / IV:96.0%
2016-07-31 16:25:49 INFO PokemonGoBot:82 - 名称:伊布 / CP:235 / IV:91.0%
2016-07-31 16:25:49 INFO PokemonGoBot:82 - 名称:顽皮雷弹 / CP:1016 / IV:91.0%
2016-07-31 16:25:49 INFO PokemonGoBot:82 - 名称:椰蛋树 / CP:1803 / IV:96.0%
2016-07-31 16:25:49 INFO PokemonGoBot:82 - 名称:火伊布 / CP:2284 / IV:100.0%
2016-07-31 16:25:49 INFO PokemonGoBot:82 - 名称:隆隆岩 / CP:913 / IV:93.0%
2016-07-31 16:25:49 INFO PokemonGoBot:82 - 名称:暴鲤龙 / CP:1521 / IV:96.0%
2016-07-31 16:25:49 INFO PokemonGoBot:82 - 名称:鬼斯通 / CP:1169 / IV:93.0%
2016-07-31 16:25:49 INFO PokemonGoBot:82 - 名称:雷伊布 / CP:814 / IV:91.0%
2016-07-31 16:25:49 INFO PokemonGoBot:82 - 名称:迷唇姐 / CP:961 / IV:91.0%
2016-07-31 16:25:49 INFO PokemonGoBot:82 - 名称:巨钳蟹 / CP:799 / IV:96.0%
2016-07-31 16:25:49 INFO PokemonGoBot:82 - 名称:鸭嘴火兽 / CP:831 / IV:91.0%
2016-07-31 16:25:49 INFO PokemonGoBot:82 - 名称:嘎啦嘎啦 / CP:651 / IV:93.0%
2016-07-31 16:25:49 INFO PokemonGoBot:82 - 名称:多刺菊石兽 / CP:1000 / IV:91.0%
2016-07-31 16:25:49 INFO PokemonGoBot:82 - 名称:派拉斯特 / CP:885 / IV:91.0%
2016-07-31 16:25:49 INFO PokemonGoBot:82 - 名称:大比鸟 / CP:1763 / IV:91.0%
2016-07-31 16:25:49 INFO PokemonGoBot:82 - 名称:凯罗斯 / CP:538 / IV:96.0%
2016-07-31 16:25:49 INFO PokemonGoBot:82 - 名称:蚊香泳士 / CP:1417 / IV:91.0%
2016-07-31 16:25:49 INFO PokemonGoBot:82 - 名称:火暴猴 / CP:1059 / IV:98.0%
2016-07-31 16:25:49 INFO PokemonGoBot:82 - 名称:烈焰马 / CP:926 / IV:91.0%
2016-07-31 16:25:49 INFO PokemonGoBot:82 - 名称:穿山王 / CP:1025 / IV:96.0%
2016-07-31 16:25:49 INFO PokemonGoBot:82 - 名称:飞天螳螂 / CP:1168 / IV:93.0%
2016-07-31 16:25:49 INFO PokemonGoBot:82 - 名称:海刺龙 / CP:972 / IV:96.0%
2016-07-31 16:25:49 INFO PokemonGoBot:82 - 名称:金鱼王 / CP:1151 / IV:91.0%
2016-07-31 16:25:49 INFO PokemonGoBot:82 - 名称:呆壳兽 / CP:1469 / IV:91.0%
2016-07-31 16:25:49 INFO PokemonGoBot:82 - 名称:宝石海星 / CP:1116 / IV:98.0%
2016-07-31 16:25:49 INFO PokemonGoBot:82 - 名称:毒刺水母 / CP:1258 / IV:93.0%
2016-07-31 16:25:49 INFO PokemonGoBot:82 - 名称:水伊布 / CP:2422 / IV:98.0%
2016-07-31 16:25:49 INFO PokemonGoBot:82 - 名称:摩鲁蛾 / CP:531 / IV:91.0%
2016-07-31 16:25:49 INFO PokemonGoBot:82 - 名称:妙蛙花 / CP:1499 / IV:93.0%
2016-07-31 16:25:49 INFO PokemonGoBot:82 - 名称:大食花 / CP:1073 / IV:93.0%
2016-07-31 16:25:49 INFO PokemonGoBot:85 - 正在获取补给站信息...
2016-07-31 16:25:50 INFO PokemonGoBot:96 - 获取到周边 154 个补给站信息
2016-07-31 16:25:50 INFO PokemonGoBot:101 - 开始启动Bot线程...
2016-07-31 16:25:50 INFO LootNearbyPokestop:74 - 移动到较远的补给站
2016-07-31 16:25:51 INFO GetMapRandomDirection:29 - 探索地图信息 (37.807289965296974, -122.42950130914996)
2016-07-31 16:25:51 INFO CatchNearbyPokemon:57 - 检索到周边有可以抓的宝可梦 0 只
2016-07-31 16:25:51 INFO UpdateProfile:61 - 更新账号信息: 当前经验值 1860285 当前等级 29 经验值进度 210285/350000 (60.08 %) 至 下一等级 30
2016-07-31 16:25:51 INFO UpdateProfile:62 - Bot获得经验值 0 捕捉精灵 0 放生精灵 0 获得道具 0 丢弃道具 0
2016-07-31 16:26:46 INFO PokemonGoBotMain:31 - 正在登录服务器...
2016-07-31 16:26:51 INFO PokemonGoBotMain:59 - 成功登录帐号 admin@yumao.name
2016-07-31 16:26:51 INFO PokemonGoBotMain:63 - 初始化空降坐标 (37.807297, -122.429535)
2016-07-31 16:26:51 INFO PokemonGoBot:40 - 正在获取账号信息...
2016-07-31 16:26:53 INFO PokemonGoBot:61 - 用户名称:itscaptainteemo
2016-07-31 16:26:53 INFO PokemonGoBot:62 - 战队信息:TEAM_VALOR
2016-07-31 16:26:53 INFO PokemonGoBot:63 - 口袋金币:0
2016-07-31 16:26:53 INFO PokemonGoBot:64 - 星尘数量:35401
2016-07-31 16:26:53 INFO PokemonGoBot:65 - 达成等级:29
2016-07-31 16:26:53 INFO PokemonGoBot:66 - 当前经验:1860285
2016-07-31 16:26:53 INFO PokemonGoBot:67 - 口袋银行:34/300
2016-07-31 16:26:53 INFO PokemonGoBot:68 - 道具包裹:14/500
2016-07-31 16:26:53 INFO PokemonGoBot:79 - 持有宝可梦:<NAME/CP/IV>
2016-07-31 16:26:53 INFO PokemonGoBot:82 - 名称:阿柏怪 / CP:1272 / IV:93.0%
2016-07-31 16:26:53 INFO PokemonGoBot:82 - 名称:风速狗 / CP:2547 / IV:98.0%
2016-07-31 16:26:53 INFO PokemonGoBot:82 - 名称:刺甲贝 / CP:1156 / IV:91.0%
2016-07-31 16:26:53 INFO PokemonGoBot:82 - 名称:快龙 / CP:1093 / IV:96.0%
2016-07-31 16:26:53 INFO PokemonGoBot:82 - 名称:伊布 / CP:235 / IV:91.0%
2016-07-31 16:26:53 INFO PokemonGoBot:82 - 名称:顽皮雷弹 / CP:1016 / IV:91.0%
2016-07-31 16:26:53 INFO PokemonGoBot:82 - 名称:椰蛋树 / CP:1803 / IV:96.0%
2016-07-31 16:26:53 INFO PokemonGoBot:82 - 名称:火伊布 / CP:2284 / IV:100.0%
2016-07-31 16:26:53 INFO PokemonGoBot:82 - 名称:隆隆岩 / CP:913 / IV:93.0%
2016-07-31 16:26:53 INFO PokemonGoBot:82 - 名称:暴鲤龙 / CP:1521 / IV:96.0%
2016-07-31 16:26:53 INFO PokemonGoBot:82 - 名称:鬼斯通 / CP:1169 / IV:93.0%
2016-07-31 16:26:53 INFO PokemonGoBot:82 - 名称:雷伊布 / CP:814 / IV:91.0%
2016-07-31 16:26:53 INFO PokemonGoBot:82 - 名称:迷唇姐 / CP:961 / IV:91.0%
2016-07-31 16:26:53 INFO PokemonGoBot:82 - 名称:巨钳蟹 / CP:799 / IV:96.0%
2016-07-31 16:26:53 INFO PokemonGoBot:82 - 名称:鸭嘴火兽 / CP:831 / IV:91.0%
2016-07-31 16:26:53 INFO PokemonGoBot:82 - 名称:嘎啦嘎啦 / CP:651 / IV:93.0%
2016-07-31 16:26:53 INFO PokemonGoBot:82 - 名称:多刺菊石兽 / CP:1000 / IV:91.0%
2016-07-31 16:26:53 INFO PokemonGoBot:82 - 名称:派拉斯特 / CP:885 / IV:91.0%
2016-07-31 16:26:53 INFO PokemonGoBot:82 - 名称:大比鸟 / CP:1763 / IV:91.0%
2016-07-31 16:26:53 INFO PokemonGoBot:82 - 名称:凯罗斯 / CP:538 / IV:96.0%
2016-07-31 16:26:53 INFO PokemonGoBot:82 - 名称:蚊香泳士 / CP:1417 / IV:91.0%
2016-07-31 16:26:53 INFO PokemonGoBot:82 - 名称:火暴猴 / CP:1059 / IV:98.0%
2016-07-31 16:26:53 INFO PokemonGoBot:82 - 名称:烈焰马 / CP:926 / IV:91.0%
2016-07-31 16:26:53 INFO PokemonGoBot:82 - 名称:穿山王 / CP:1025 / IV:96.0%
2016-07-31 16:26:53 INFO PokemonGoBot:82 - 名称:飞天螳螂 / CP:1168 / IV:93.0%
2016-07-31 16:26:53 INFO PokemonGoBot:82 - 名称:海刺龙 / CP:972 / IV:96.0%
2016-07-31 16:26:53 INFO PokemonGoBot:82 - 名称:金鱼王 / CP:1151 / IV:91.0%
2016-07-31 16:26:53 INFO PokemonGoBot:82 - 名称:呆壳兽 / CP:1469 / IV:91.0%
2016-07-31 16:26:53 INFO PokemonGoBot:82 - 名称:宝石海星 / CP:1116 / IV:98.0%
2016-07-31 16:26:53 INFO PokemonGoBot:82 - 名称:毒刺水母 / CP:1258 / IV:93.0%
2016-07-31 16:26:53 INFO PokemonGoBot:82 - 名称:水伊布 / CP:2422 / IV:98.0%
2016-07-31 16:26:53 INFO PokemonGoBot:82 - 名称:摩鲁蛾 / CP:531 / IV:91.0%
2016-07-31 16:26:53 INFO PokemonGoBot:82 - 名称:妙蛙花 / CP:1499 / IV:93.0%
2016-07-31 16:26:53 INFO PokemonGoBot:82 - 名称:大食花 / CP:1073 / IV:93.0%
2016-07-31 16:26:53 INFO PokemonGoBot:85 - 正在获取补给站信息...
2016-07-31 16:26:54 INFO PokemonGoBot:96 - 获取到周边 154 个补给站信息
2016-07-31 16:26:54 INFO PokemonGoBot:101 - 开始启动Bot线程...
2016-07-31 16:26:54 INFO LootNearbyPokestop:74 - 移动到较远的补给站
2016-07-31 16:26:54 INFO GetMapRandomDirection:29 - 探索地图信息 (37.80731816783604, -122.42957733022827)
2016-07-31 16:26:55 INFO CatchNearbyPokemon:57 - 检索到周边有可以抓的宝可梦 0 只
2016-07-31 16:26:55 INFO UpdateProfile:61 - 更新账号信息: 当前经验值 1860285 当前等级 29 经验值进度 210285/350000 (60.08 %) 至 下一等级 30
2016-07-31 16:26:55 INFO UpdateProfile:62 - Bot获得经验值 0 捕捉精灵 0 放生精灵 0 获得道具 0 丢弃道具 0
2016-07-31 16:26:58 INFO LootNearbyPokestop:74 - 移动到较远的补给站
2016-07-31 16:26:58 INFO GetMapRandomDirection:29 - 探索地图信息 (37.80732372032934, -122.42955120480059)
2016-07-31 16:26:59 INFO CatchNearbyPokemon:57 - 检索到周边有可以抓的宝可梦 2 只
2016-07-31 16:26:59 INFO CatchNearbyPokemon:65 - 野生的宝可梦 杰尼龟 从草里跳出来!
2016-07-31 16:27:00 INFO CatchNearbyPokemon:70 - 遇到宝可梦 杰尼龟 CP 668
2016-07-31 16:27:00 INFO CatchNearbyPokemon:92 - 去吧！精灵球！
2016-07-31 16:27:02 INFO CatchNearbyPokemon:99 - 抓住了一只 杰尼龟 CP 24.44% IV 24.444444444444443
2016-07-31 16:27:02 INFO CatchNearbyPokemon:100 - 获得了 100 经验值 3 糖果 100 星辰
2016-07-31 16:27:02 INFO CatchNearbyPokemon:65 - 野生的宝可梦 阿柏蛇 从草里跳出来!
2016-07-31 16:27:03 INFO CatchNearbyPokemon:70 - 遇到宝可梦 阿柏蛇 CP 265
2016-07-31 16:27:03 INFO CatchNearbyPokemon:92 - 去吧！精灵球！
2016-07-31 16:27:04 INFO CatchNearbyPokemon:99 - 抓住了一只 阿柏蛇 CP 46.67% IV 46.666666666666664
2016-07-31 16:27:04 INFO CatchNearbyPokemon:100 - 获得了 100 经验值 3 糖果 100 星辰
2016-07-31 16:27:05 INFO LootNearbyPokestop:53 - 正在滑动补给站3ce7b6f1c2254f959b8dcea927b8d0d1.16
2016-07-31 16:27:06 INFO GetMapRandomDirection:29 - 探索地图信息 (37.80753215118944, -122.43004169456174)
2016-07-31 16:27:06 INFO LootNearbyPokestop:57 - 成功的摸了一把补给站 3ce7b6f1c2254f959b8dcea927b8d0d1.16，获得了 50 经验值
2016-07-31 16:27:06 INFO LootNearbyPokestop:60 - 获得了 1 个 ITEM_POKE_BALL
2016-07-31 16:27:06 INFO LootNearbyPokestop:60 - 获得了 1 个 ITEM_POKE_BALL
2016-07-31 16:27:06 INFO LootNearbyPokestop:60 - 获得了 1 个 ITEM_POKE_BALL
2016-07-31 16:27:06 INFO LootNearbyPokestop:74 - 移动到较远的补给站
2016-07-31 16:27:07 INFO ReleasePokemon:48 - 正在放生宝可梦 阿柏蛇 原因 46.666666666666664 IV不达标
2016-07-31 16:27:07 INFO CatchNearbyPokemon:57 - 检索到周边有可以抓的宝可梦 1 只
2016-07-31 16:27:07 INFO CatchNearbyPokemon:65 - 野生的宝可梦 杰尼龟 从草里跳出来!
2016-07-31 16:27:08 INFO CatchNearbyPokemon:70 - 遇到宝可梦 杰尼龟 CP 265
2016-07-31 16:27:08 INFO ReleasePokemon:52 - 已放生宝可梦 阿柏蛇
2016-07-31 16:27:08 INFO CatchNearbyPokemon:92 - 去吧！精灵球！
2016-07-31 16:27:10 INFO CatchNearbyPokemon:99 - 抓住了一只 杰尼龟 CP 37.78% IV 37.77777777777778
2016-07-31 16:27:10 INFO CatchNearbyPokemon:100 - 获得了 100 经验值 3 糖果 100 星辰
2016-07-31 16:27:11 INFO LootNearbyPokestop:74 - 移动到较远的补给站
2016-07-31 16:27:11 INFO GetMapRandomDirection:29 - 探索地图信息 (37.80716447060499, -122.4303398124188)
2016-07-31 16:27:12 INFO ReleasePokemon:48 - 正在放生宝可梦 杰尼龟 原因 37.77777777777778 IV不达标
2016-07-31 16:27:12 INFO CatchNearbyPokemon:57 - 检索到周边有可以抓的宝可梦 1 只
2016-07-31 16:27:12 INFO CatchNearbyPokemon:65 - 野生的宝可梦 小拉达 从草里跳出来!
2016-07-31 16:27:12 INFO CatchNearbyPokemon:70 - 遇到宝可梦 小拉达 CP 140
2016-07-31 16:27:13 INFO ReleasePokemon:52 - 已放生宝可梦 杰尼龟
2016-07-31 16:27:13 INFO CatchNearbyPokemon:92 - 去吧！精灵球！
2016-07-31 16:27:14 INFO CatchNearbyPokemon:99 - 抓住了一只 小拉达 CP 42.22% IV 42.22222222222222
2016-07-31 16:27:14 INFO CatchNearbyPokemon:100 - 获得了 100 经验值 3 糖果 100 星辰
2016-07-31 16:27:16 INFO LootNearbyPokestop:74 - 移动到较远的补给站
2016-07-31 16:27:16 INFO GetMapRandomDirection:29 - 探索地图信息 (37.80666937231802, -122.43022703535603)
2016-07-31 16:27:16 INFO CatchNearbyPokemon:57 - 检索到周边有可以抓的宝可梦 1 只
2016-07-31 16:27:16 INFO CatchNearbyPokemon:65 - 野生的宝可梦 杰尼龟 从草里跳出来!
2016-07-31 16:27:17 INFO CatchNearbyPokemon:70 - 遇到宝可梦 杰尼龟 CP 251
2016-07-31 16:27:17 INFO CatchNearbyPokemon:92 - 去吧！精灵球！
2016-07-31 16:27:19 INFO CatchNearbyPokemon:99 - 抓住了一只 杰尼龟 CP 57.78% IV 57.77777777777778
2016-07-31 16:27:19 INFO CatchNearbyPokemon:100 - 获得了 100 经验值 3 糖果 100 星辰
2016-07-31 16:27:20 INFO LootNearbyPokestop:74 - 移动到较远的补给站
2016-07-31 16:27:21 INFO GetMapRandomDirection:29 - 探索地图信息 (37.806561854277405, -122.43039967034028)
2016-07-31 16:27:21 INFO ReleasePokemon:48 - 正在放生宝可梦 杰尼龟 原因 57.77777777777777 IV不达标
2016-07-31 16:27:21 INFO CatchNearbyPokemon:57 - 检索到周边有可以抓的宝可梦 2 只
2016-07-31 16:27:21 INFO CatchNearbyPokemon:65 - 野生的宝可梦 凯罗斯 从草里跳出来!
2016-07-31 16:27:22 INFO CatchNearbyPokemon:70 - 遇到宝可梦 凯罗斯 CP 690
2016-07-31 16:27:22 INFO CatchNearbyPokemon:92 - 去吧！精灵球！
2016-07-31 16:27:22 INFO ReleasePokemon:52 - 已放生宝可梦 杰尼龟
2016-07-31 16:27:23 INFO CatchNearbyPokemon:105 - 捕捉失败，原因: ENCOUNTER_SUCCESS
2016-07-31 16:27:23 INFO CatchNearbyPokemon:65 - 野生的宝可梦 杰尼龟 从草里跳出来!
2016-07-31 16:27:24 INFO CatchNearbyPokemon:70 - 遇到宝可梦 杰尼龟 CP 11
2016-07-31 16:27:25 INFO CatchNearbyPokemon:92 - 去吧！精灵球！
2016-07-31 16:27:26 INFO CatchNearbyPokemon:99 - 抓住了一只 杰尼龟 CP 24.44% IV 24.444444444444443
2016-07-31 16:27:26 INFO CatchNearbyPokemon:100 - 获得了 100 经验值 3 糖果 100 星辰
2016-07-31 16:27:27 INFO LootNearbyPokestop:53 - 正在滑动补给站07de079dd6e2477aa6a463a30823f95c.16
2016-07-31 16:27:27 INFO GetMapRandomDirection:29 - 探索地图信息 (37.806526006150655, -122.4310148510395)
2016-07-31 16:27:27 INFO LootNearbyPokestop:57 - 成功的摸了一把补给站 07de079dd6e2477aa6a463a30823f95c.16，获得了 50 经验值
2016-07-31 16:27:27 INFO LootNearbyPokestop:60 - 获得了 1 个 ITEM_POKE_BALL
2016-07-31 16:27:27 INFO LootNearbyPokestop:60 - 获得了 1 个 ITEM_POKE_BALL
2016-07-31 16:27:27 INFO LootNearbyPokestop:60 - 获得了 1 个 ITEM_REVIVE
2016-07-31 16:27:27 INFO LootNearbyPokestop:74 - 移动到较远的补给站
2016-07-31 16:27:28 INFO CatchNearbyPokemon:57 - 检索到周边有可以抓的宝可梦 1 只
2016-07-31 16:27:28 INFO CatchNearbyPokemon:65 - 野生的宝可梦 烈雀 从草里跳出来!
2016-07-31 16:27:28 INFO CatchNearbyPokemon:70 - 遇到宝可梦 烈雀 CP 349
2016-07-31 16:27:29 INFO CatchNearbyPokemon:92 - 去吧！精灵球！
2016-07-31 16:27:30 ERROR CatchNearbyPokemon:122 - 精灵捕捉进程发生错误
com.pokegoapi.exceptions.RemoteServerException: com.google.protobuf.InvalidProtocolBufferException: Contents of buffer are null
	at com.pokegoapi.api.inventory.Inventories.updateInventories(Inventories.java:114)
	at com.pokegoapi.api.inventory.Inventories.updateInventories(Inventories.java:84)
	at com.pokegoapi.api.map.pokemon.CatchablePokemon.catchPokemon(CatchablePokemon.java:365)
	at com.pokegoapi.api.map.pokemon.CatchablePokemon.catchPokemon(CatchablePokemon.java:297)
	at com.pokegoapi.api.map.pokemon.CatchablePokemon.catchPokemon(CatchablePokemon.java:248)
	at com.pokegoapi.api.map.pokemon.CatchablePokemon.catchPokemon(CatchablePokemon.java:230)
	at com.pokegoapi.api.map.pokemon.CatchablePokemon.catchPokemon(CatchablePokemon.java:212)
	at name.teemo.pogo.task.CatchNearbyPokemon.run(CatchNearbyPokemon.java:93)
	at java.util.concurrent.ThreadPoolExecutor.runWorker(ThreadPoolExecutor.java:1142)
	at java.util.concurrent.ThreadPoolExecutor$Worker.run(ThreadPoolExecutor.java:617)
	at java.lang.Thread.run(Thread.java:745)
Caused by: com.google.protobuf.InvalidProtocolBufferException: Contents of buffer are null
	at com.pokegoapi.main.ServerRequest.getData(ServerRequest.java:66)
	at com.pokegoapi.api.inventory.Inventories.updateInventories(Inventories.java:112)
	... 10 more
2016-07-31 16:27:31 INFO LootNearbyPokestop:74 - 移动到较远的补给站
2016-07-31 16:27:31 INFO GetMapRandomDirection:29 - 探索地图信息 (37.805997238021746, -122.43129118581003)
2016-07-31 16:27:32 INFO ReleasePokemon:48 - 正在放生宝可梦 烈雀 原因 46.666666666666664 IV不达标
2016-07-31 16:27:32 INFO CatchNearbyPokemon:57 - 检索到周边有可以抓的宝可梦 1 只
2016-07-31 16:27:32 INFO CatchNearbyPokemon:65 - 野生的宝可梦 铁壳蛹 从草里跳出来!
2016-07-31 16:27:32 INFO CatchNearbyPokemon:70 - 遇到宝可梦 铁壳蛹 CP 43
2016-07-31 16:27:33 INFO CatchNearbyPokemon:92 - 去吧！精灵球！
2016-07-31 16:27:33 INFO ReleasePokemon:52 - 已放生宝可梦 烈雀
2016-07-31 16:27:34 INFO DropUselessItems:50 - 丢弃了 1 个 ITEM_REVIVE
2016-07-31 16:27:34 INFO CatchNearbyPokemon:99 - 抓住了一只 铁壳蛹 CP 42.22% IV 42.22222222222222
2016-07-31 16:27:34 INFO CatchNearbyPokemon:100 - 获得了 100 经验值 3 糖果 100 星辰
2016-07-31 16:27:36 INFO LootNearbyPokestop:74 - 移动到较远的补给站
2016-07-31 16:27:37 INFO GetMapRandomDirection:29 - 探索地图信息 (37.80596562968651, -122.43191109725286)
2016-07-31 16:27:37 INFO ReleasePokemon:48 - 正在放生宝可梦 铁壳蛹 原因 42.22222222222222 IV不达标
2016-07-31 16:27:37 INFO CatchNearbyPokemon:57 - 检索到周边有可以抓的宝可梦 0 只
2016-07-31 16:27:38 INFO ReleasePokemon:52 - 已放生宝可梦 铁壳蛹
2016-07-31 16:27:40 INFO LootNearbyPokestop:74 - 移动到较远的补给站
2016-07-31 16:27:40 INFO GetMapRandomDirection:29 - 探索地图信息 (37.805936989475185, -122.43188024931622)
2016-07-31 16:27:41 INFO CatchNearbyPokemon:57 - 检索到周边有可以抓的宝可梦 0 只
2016-07-31 16:27:44 INFO LootNearbyPokestop:74 - 移动到较远的补给站
2016-07-31 16:27:44 INFO GetMapRandomDirection:29 - 探索地图信息 (37.80595680184205, -122.43192024296319)
2016-07-31 16:27:45 INFO CatchNearbyPokemon:57 - 检索到周边有可以抓的宝可梦 0 只
2016-07-31 16:27:47 INFO LootNearbyPokestop:74 - 移动到较远的补给站
2016-07-31 16:27:48 INFO GetMapRandomDirection:29 - 探索地图信息 (37.8059350057289, -122.43195968667926)
2016-07-31 16:27:48 INFO CatchNearbyPokemon:57 - 检索到周边有可以抓的宝可梦 0 只
2016-07-31 16:27:51 INFO LootNearbyPokestop:74 - 移动到较远的补给站
2016-07-31 16:27:51 INFO GetMapRandomDirection:29 - 探索地图信息 (37.80597811807238, -122.43197927737894)
2016-07-31 16:27:52 INFO CatchNearbyPokemon:57 - 检索到周边有可以抓的宝可梦 0 只
2016-07-31 16:27:55 INFO LootNearbyPokestop:74 - 移动到较远的补给站
2016-07-31 16:27:55 INFO GetMapRandomDirection:29 - 探索地图信息 (37.80594624746774, -122.43193047314529)
2016-07-31 16:27:55 INFO CatchNearbyPokemon:57 - 检索到周边有可以抓的宝可梦 0 只
2016-07-31 16:27:56 INFO UpdateProfile:61 - 更新账号信息: 当前经验值 1862090 当前等级 29 经验值进度 212090/350000 (60.60 %) 至 下一等级 30
2016-07-31 16:27:56 INFO UpdateProfile:62 - Bot获得经验值 800 捕捉精灵 7 放生精灵 5 获得道具 6 丢弃道具 1
2016-07-31 16:27:58 INFO LootNearbyPokestop:74 - 移动到较远的补给站
2016-07-31 16:27:58 INFO GetMapRandomDirection:29 - 探索地图信息 (37.80597146073985, -122.43192002877126)
2016-07-31 16:27:59 INFO CatchNearbyPokemon:57 - 检索到周边有可以抓的宝可梦 0 只
2016-07-31 16:28:02 INFO LootNearbyPokestop:74 - 移动到较远的补给站
2016-07-31 16:28:02 INFO GetMapRandomDirection:29 - 探索地图信息 (37.805966390023045, -122.43196541897066)
2016-07-31 16:28:03 INFO CatchNearbyPokemon:57 - 检索到周边有可以抓的宝可梦 0 只
